[ 2017-02-21T14:00:35+08:00 ] ::1 ::1 POST /l7cms/index.php/content/admin.content/resort.html
[ log ] localhost/l7cms/index.php/content/admin.content/resort.html [运行时间：0.413523s][吞吐率：2.42req/s] [内存消耗：2,848.50kb] [文件加载：48]
[ sql ] [ DB ] CONNECT:[ UseTime:0.038652s ] mysql:dbname=ebcms;host=101.200.161.146;port=3306;charset=utf8
[ sql ] [ SQL ] SHOW COLUMNS FROM `ebcms5_configcate` [ RunTime:0.031320s ]
[ sql ] [ SQL ] SELECT `id`,`name` FROM `ebcms5_configcate` WHERE  (  name !="" )  [ RunTime:0.015748s ]
[ sql ] [ SQL ] SHOW COLUMNS FROM `ebcms5_config` [ RunTime:0.018604s ]
[ sql ] [ SQL ] SELECT `id`,`category_id`,`pid`,`name`,`value`,`render` FROM `ebcms5_config` WHERE  `status` = 1 ORDER BY sort desc  [ RunTime:0.020967s ]
[ sql ] [ SQL ] SHOW COLUMNS FROM `ebcms5_content_category` [ RunTime:0.031431s ]
[ sql ] [ SQL ] SELECT `id`,`pid`,`name`,`title`,`metatitle`,`keywords`,`description`,`extend_id`,`pagenum`,`tpl`,`tpl_detail`,`ebcms_url`,`datatype`,`expire`,`order`,`ext`,`update_time`,`create_time`,`sort`,`status`,`locked` FROM `ebcms5_content_category`  [ RunTime:0.031347s ]
[ sql ] [ SQL ] SHOW COLUMNS FROM `ebcms5_single` [ RunTime:0.035100s ]
[ sql ] [ SQL ] SELECT `id`,`path` FROM `ebcms5_single` WHERE  `path` <> ''  [ RunTime:0.018336s ]
[ sql ] [ SQL ] UPDATE `ebcms5_content_content`  SET `sort`='0'  WHERE  `id` IN ('474')    [ RunTime:0.025582s ]
[ sql ] [ SQL ] UPDATE `ebcms5_content_content`  SET `update_time`='1487656835'  WHERE  `id` IN ('474')    [ RunTime:0.052215s ]

---------------------------------------------------------------
[ 2017-02-21T14:00:35+08:00 ] ::1 ::1 POST /l7cms/index.php/admin/api/index.html
[ log ] localhost/l7cms/index.php/admin/api/index.html [运行时间：0.620889s][吞吐率：1.61req/s] [内存消耗：3,483.48kb] [文件加载：55]
[ sql ] [ DB ] CONNECT:[ UseTime:0.171216s ] mysql:dbname=ebcms;host=101.200.161.146;port=3306;charset=utf8
[ sql ] [ SQL ] SHOW COLUMNS FROM `ebcms5_content_category` [ RunTime:0.087916s ]
[ sql ] [ SQL ] SELECT COUNT(*) AS tp_count FROM ebcms5_content_content content INNER JOIN ebcms5_content_category category ON content.category_id=category.id  WHERE  `category_id` IN ('1','7','8','9') ORDER BY content.id  desc LIMIT 1   [ RunTime:0.106032s ]
[ sql ] [ SQL ] SELECT content.id,content.category_id,content.title,content.shorttitle,content.metatitle,content.keywords,content.description,content.thumb,content.tpl,content.ebcms_url,content.filename,content.ext,content.click,content.user_id,content.baidu,content.comment_able,content.update_time,content.create_time,content.sort,content.status,content.locked,content.color,content.size,content.bold,content.author,content.source,content.comment_count,category.id AS category__id,category.pid AS category__pid,category.name AS category__name,category.title AS category__title,category.metatitle AS category__metatitle,category.keywords AS category__keywords,category.description AS category__description,category.extend_id AS category__extend_id,category.pagenum AS category__pagenum,category.tpl AS category__tpl,category.tpl_detail AS category__tpl_detail,category.ebcms_url AS category__ebcms_url,category.datatype AS category__datatype,category.expire AS category__expire,category.order AS category__order,category.ext AS category__ext,category.update_time AS category__update_time,category.create_time AS category__create_time,category.sort AS category__sort,category.status AS category__status,category.locked AS category__locked FROM ebcms5_content_content content INNER JOIN ebcms5_content_category category ON content.category_id=category.id  WHERE  `category_id` IN ('1','7','8','9') ORDER BY content.id  desc LIMIT 0,20   [ RunTime:0.148831s ]

---------------------------------------------------------------
[ 2017-02-21T14:51:07+08:00 ] ::1 ::1 GET /l7cms/index.php/index/mobile/indexList
[ log ] localhost/l7cms/index.php/index/mobile/indexList [运行时间：0.221427s][吞吐率：4.52req/s] [内存消耗：3,110.85kb] [文件加载：57]
[ sql ] [ DB ] CONNECT:[ UseTime:0.022344s ] mysql:dbname=ebcms;host=101.200.161.146;port=3306;charset=utf8
[ sql ] [ SQL ] SELECT * FROM `ebcms5_content_category` ORDER BY sort desc,id asc  [ RunTime:0.034466s ]
[ sql ] [ SQL ] SELECT COUNT(*) AS tp_count FROM `ebcms5_content_content` WHERE  `category_id` IN (7,8,9)  AND `status` = '1' ORDER BY sort desc,update_time desc LIMIT 1    [ RunTime:0.026172s ]
[ sql ] [ SQL ] SELECT * FROM `ebcms5_content_content` WHERE  `category_id` IN (7,8,9)  AND `status` = '1' ORDER BY sort desc,update_time desc LIMIT 0,20    [ RunTime:0.040843s ]
[ error ] [8]未定义变量: category
[ error ] [8]未定义变量: category
[ error ] [8]未定义变量: category
[ error ] [8]未定义变量: category
[ error ] [10501]SQLSTATE[42000]: Syntax error or access violation: 1064 You have an error in your SQL syntax; check the manual that corresponds to your MySQL server version for the right syntax to use near ')  AND `status` = ? ORDER BY sort desc,update_time desc LIMIT 1' at line 1

---------------------------------------------------------------
[ 2017-02-21T14:52:40+08:00 ] ::1 ::1 GET /l7cms/index.php/index/mobile/indexList
[ log ] localhost/l7cms/index.php/index/mobile/indexList [运行时间：1.663762s][吞吐率：0.60req/s] [内存消耗：6,068.43kb] [文件加载：43]
[ sql ] [ DB ] CONNECT:[ UseTime:0.026085s ] mysql:dbname=ebcms;host=101.200.161.146;port=3306;charset=utf8
[ sql ] [ SQL ] SELECT * FROM `ebcms5_content_content` WHERE  `category_id` IN (7,8,9)  AND `status` = '1' ORDER BY sort desc,update_time desc   [ RunTime:1.368578s ]

---------------------------------------------------------------
[ 2017-02-21T14:54:20+08:00 ] ::1 ::1 GET /l7cms/index.php/index/mobile/indexList
[ log ] localhost/l7cms/index.php/index/mobile/indexList [运行时间：0.115470s][吞吐率：8.66req/s] [内存消耗：3,024.27kb] [文件加载：53]
[ error ] [8]未定义变量: category
[ sql ] [ DB ] CONNECT:[ UseTime:0.022459s ] mysql:dbname=ebcms;host=101.200.161.146;port=3306;charset=utf8
[ sql ] [ SQL ] SELECT COUNT(*) AS tp_count FROM `ebcms5_content_content` WHERE  `category_id` IN (7,8,9)  AND `status` = '1' ORDER BY sort desc,update_time desc LIMIT 1    [ RunTime:0.014294s ]
[ sql ] [ SQL ] SELECT * FROM `ebcms5_content_content` WHERE  `category_id` IN (7,8,9)  AND `status` = '1' ORDER BY sort desc,update_time desc LIMIT 0,6    [ RunTime:0.015203s ]

---------------------------------------------------------------
[ 2017-02-21T14:54:33+08:00 ] ::1 ::1 GET /l7cms/index.php/index/mobile/indexList
[ log ] localhost/l7cms/index.php/index/mobile/indexList [运行时间：0.146520s][吞吐率：6.83req/s] [内存消耗：3,027.34kb] [文件加载：57]
[ error ] [8]未定义变量: category
[ error ] [8]未定义变量: category
[ error ] [10501]SQLSTATE[42000]: Syntax error or access violation: 1064 You have an error in your SQL syntax; check the manual that corresponds to your MySQL server version for the right syntax to use near ')  AND `status` = ? ORDER BY sort desc,update_time desc LIMIT 1' at line 1
[ sql ] [ DB ] CONNECT:[ UseTime:0.029296s ] mysql:dbname=ebcms;host=101.200.161.146;port=3306;charset=utf8
[ sql ] [ SQL ] SELECT COUNT(*) AS tp_count FROM `ebcms5_content_content` WHERE  `category_id` IN (7,8,9)  AND `status` = '1' ORDER BY sort desc,update_time desc LIMIT 1    [ RunTime:0.020382s ]
[ sql ] [ SQL ] SELECT * FROM `ebcms5_content_content` WHERE  `category_id` IN (7,8,9)  AND `status` = '1' ORDER BY sort desc,update_time desc LIMIT 0,6    [ RunTime:0.023132s ]

---------------------------------------------------------------
[ 2017-02-21T14:54:42+08:00 ] ::1 ::1 GET /l7cms/index.php/index/mobile/indexList
[ log ] localhost/l7cms/index.php/index/mobile/indexList [运行时间：0.156970s][吞吐率：6.37req/s] [内存消耗：3,027.34kb] [文件加载：57]
[ error ] [8]未定义变量: category
[ error ] [8]未定义变量: category
[ error ] [10501]SQLSTATE[42000]: Syntax error or access violation: 1064 You have an error in your SQL syntax; check the manual that corresponds to your MySQL server version for the right syntax to use near ')  AND `status` = ? ORDER BY sort desc,update_time desc LIMIT 1' at line 1
[ sql ] [ DB ] CONNECT:[ UseTime:0.040417s ] mysql:dbname=ebcms;host=101.200.161.146;port=3306;charset=utf8
[ sql ] [ SQL ] SELECT COUNT(*) AS tp_count FROM `ebcms5_content_content` WHERE  `category_id` IN (7,8,9)  AND `status` = '1' ORDER BY sort desc,update_time desc LIMIT 1    [ RunTime:0.017873s ]
[ sql ] [ SQL ] SELECT * FROM `ebcms5_content_content` WHERE  `category_id` IN (7,8,9)  AND `status` = '1' ORDER BY sort desc,update_time desc LIMIT 0,6    [ RunTime:0.021761s ]

---------------------------------------------------------------
[ 2017-02-21T14:54:53+08:00 ] ::1 ::1 GET /l7cms/index.php/index/mobile/indexList
[ log ] localhost/l7cms/index.php/index/mobile/indexList [运行时间：0.130253s][吞吐率：7.68req/s] [内存消耗：3,015.05kb] [文件加载：53]
[ error ] [8]未定义变量: category
[ sql ] [ DB ] CONNECT:[ UseTime:0.028283s ] mysql:dbname=ebcms;host=101.200.161.146;port=3306;charset=utf8
[ sql ] [ SQL ] SELECT COUNT(*) AS tp_count FROM `ebcms5_content_content` WHERE  `category_id` IN (7,8,9)  AND `status` = '1' ORDER BY sort desc,update_time desc LIMIT 1    [ RunTime:0.028780s ]
[ sql ] [ SQL ] SELECT * FROM `ebcms5_content_content` WHERE  `category_id` IN (7,8,9)  AND `status` = '1' ORDER BY sort desc,update_time desc LIMIT 0,6    [ RunTime:0.017199s ]

---------------------------------------------------------------
[ 2017-02-21T14:55:36+08:00 ] ::1 ::1 GET /l7cms/index.php/index/mobile/indexList
[ log ] localhost/l7cms/index.php/index/mobile/indexList [运行时间：0.218175s][吞吐率：4.58req/s] [内存消耗：3,028.22kb] [文件加载：53]
[ error ] [8]未定义变量: category
[ error ] [8]未定义变量: category
[ sql ] [ DB ] CONNECT:[ UseTime:0.045145s ] mysql:dbname=ebcms;host=101.200.161.146;port=3306;charset=utf8
[ sql ] [ SQL ] SELECT COUNT(*) AS tp_count FROM `ebcms5_content_content` WHERE  `category_id` IN (7,8,9)  AND `status` = '1' ORDER BY sort desc,update_time desc LIMIT 1    [ RunTime:0.032965s ]
[ sql ] [ SQL ] SELECT * FROM `ebcms5_content_content` WHERE  `category_id` IN (7,8,9)  AND `status` = '1' ORDER BY sort desc,update_time desc LIMIT 0,6    [ RunTime:0.020485s ]
[ sql ] [ SQL ] SELECT COUNT(*) AS tp_count FROM `ebcms5_content_content` WHERE  `category_id` = '10'  AND `status` = '1' ORDER BY sort desc,update_time desc LIMIT 1     [ RunTime:0.031451s ]
[ sql ] [ SQL ] SELECT * FROM `ebcms5_content_content` WHERE  `category_id` = '10'  AND `status` = '1' ORDER BY sort desc,update_time desc LIMIT 0,3     [ RunTime:0.028966s ]

---------------------------------------------------------------
[ 2017-02-21T14:55:43+08:00 ] ::1 ::1 GET /l7cms/index.php/index/mobile/indexList
[ log ] localhost/l7cms/index.php/index/mobile/indexList [运行时间：0.264834s][吞吐率：3.78req/s] [内存消耗：3,051.25kb] [文件加载：53]
[ error ] [8]未定义变量: category
[ error ] [8]未定义变量: category
[ error ] [8]未定义变量: category
[ sql ] [ DB ] CONNECT:[ UseTime:0.036741s ] mysql:dbname=ebcms;host=101.200.161.146;port=3306;charset=utf8
[ sql ] [ SQL ] SELECT COUNT(*) AS tp_count FROM `ebcms5_content_content` WHERE  `category_id` IN (7,8,9)  AND `status` = '1' ORDER BY sort desc,update_time desc LIMIT 1    [ RunTime:0.016763s ]
[ sql ] [ SQL ] SELECT * FROM `ebcms5_content_content` WHERE  `category_id` IN (7,8,9)  AND `status` = '1' ORDER BY sort desc,update_time desc LIMIT 0,6    [ RunTime:0.034950s ]
[ sql ] [ SQL ] SELECT COUNT(*) AS tp_count FROM `ebcms5_content_content` WHERE  `category_id` = '10'  AND `status` = '1' ORDER BY sort desc,update_time desc LIMIT 1     [ RunTime:0.024339s ]
[ sql ] [ SQL ] SELECT * FROM `ebcms5_content_content` WHERE  `category_id` = '10'  AND `status` = '1' ORDER BY sort desc,update_time desc LIMIT 0,3     [ RunTime:0.019545s ]
[ sql ] [ SQL ] SELECT COUNT(*) AS tp_count FROM `ebcms5_content_content` WHERE  `category_id` IN (14,15,26)  AND `status` = '1' ORDER BY sort desc,update_time desc LIMIT 1    [ RunTime:0.036509s ]
[ sql ] [ SQL ] SELECT * FROM `ebcms5_content_content` WHERE  `category_id` IN (14,15,26)  AND `status` = '1' ORDER BY sort desc,update_time desc LIMIT 0,3    [ RunTime:0.032549s ]

---------------------------------------------------------------
[ 2017-02-21T14:55:51+08:00 ] ::1 ::1 GET /l7cms/index.php/index/mobile/indexList
[ log ] localhost/l7cms/index.php/index/mobile/indexList [运行时间：0.356731s][吞吐率：2.80req/s] [内存消耗：3,071.88kb] [文件加载：53]
[ error ] [8]未定义变量: category
[ error ] [8]未定义变量: category
[ error ] [8]未定义变量: category
[ error ] [8]未定义变量: category
[ sql ] [ DB ] CONNECT:[ UseTime:0.039501s ] mysql:dbname=ebcms;host=101.200.161.146;port=3306;charset=utf8
[ sql ] [ SQL ] SELECT COUNT(*) AS tp_count FROM `ebcms5_content_content` WHERE  `category_id` IN (7,8,9)  AND `status` = '1' ORDER BY sort desc,update_time desc LIMIT 1    [ RunTime:0.022476s ]
[ sql ] [ SQL ] SELECT * FROM `ebcms5_content_content` WHERE  `category_id` IN (7,8,9)  AND `status` = '1' ORDER BY sort desc,update_time desc LIMIT 0,6    [ RunTime:0.045570s ]
[ sql ] [ SQL ] SELECT COUNT(*) AS tp_count FROM `ebcms5_content_content` WHERE  `category_id` = '10'  AND `status` = '1' ORDER BY sort desc,update_time desc LIMIT 1     [ RunTime:0.029044s ]
[ sql ] [ SQL ] SELECT * FROM `ebcms5_content_content` WHERE  `category_id` = '10'  AND `status` = '1' ORDER BY sort desc,update_time desc LIMIT 0,3     [ RunTime:0.023516s ]
[ sql ] [ SQL ] SELECT COUNT(*) AS tp_count FROM `ebcms5_content_content` WHERE  `category_id` IN (14,15,26)  AND `status` = '1' ORDER BY sort desc,update_time desc LIMIT 1    [ RunTime:0.032229s ]
[ sql ] [ SQL ] SELECT * FROM `ebcms5_content_content` WHERE  `category_id` IN (14,15,26)  AND `status` = '1' ORDER BY sort desc,update_time desc LIMIT 0,3    [ RunTime:0.039802s ]
[ sql ] [ SQL ] SELECT COUNT(*) AS tp_count FROM `ebcms5_content_content` WHERE  `category_id` IN (11,12)  AND `status` = '1' ORDER BY sort desc,update_time desc LIMIT 1    [ RunTime:0.022309s ]
[ sql ] [ SQL ] SELECT * FROM `ebcms5_content_content` WHERE  `category_id` IN (11,12)  AND `status` = '1' ORDER BY sort desc,update_time desc LIMIT 0,3    [ RunTime:0.036538s ]

---------------------------------------------------------------
[ 2017-02-21T14:55:58+08:00 ] ::1 ::1 GET /l7cms/index.php/index/mobile/indexList
[ log ] localhost/l7cms/index.php/index/mobile/indexList [运行时间：0.356043s][吞吐率：2.81req/s] [内存消耗：3,071.27kb] [文件加载：53]
[ error ] [8]未定义变量: category
[ error ] [8]未定义变量: category
[ error ] [8]未定义变量: category
[ error ] [8]未定义变量: category
[ error ] [2]array_merge(): Argument #1 is not an array
[ sql ] [ DB ] CONNECT:[ UseTime:0.047977s ] mysql:dbname=ebcms;host=101.200.161.146;port=3306;charset=utf8
[ sql ] [ SQL ] SELECT COUNT(*) AS tp_count FROM `ebcms5_content_content` WHERE  `category_id` IN (7,8,9)  AND `status` = '1' ORDER BY sort desc,update_time desc LIMIT 1    [ RunTime:0.026770s ]
[ sql ] [ SQL ] SELECT * FROM `ebcms5_content_content` WHERE  `category_id` IN (7,8,9)  AND `status` = '1' ORDER BY sort desc,update_time desc LIMIT 0,6    [ RunTime:0.028904s ]
[ sql ] [ SQL ] SELECT COUNT(*) AS tp_count FROM `ebcms5_content_content` WHERE  `category_id` = '10'  AND `status` = '1' ORDER BY sort desc,update_time desc LIMIT 1     [ RunTime:0.027450s ]
[ sql ] [ SQL ] SELECT * FROM `ebcms5_content_content` WHERE  `category_id` = '10'  AND `status` = '1' ORDER BY sort desc,update_time desc LIMIT 0,3     [ RunTime:0.040256s ]
[ sql ] [ SQL ] SELECT COUNT(*) AS tp_count FROM `ebcms5_content_content` WHERE  `category_id` IN (14,15,26)  AND `status` = '1' ORDER BY sort desc,update_time desc LIMIT 1    [ RunTime:0.021704s ]
[ sql ] [ SQL ] SELECT * FROM `ebcms5_content_content` WHERE  `category_id` IN (14,15,26)  AND `status` = '1' ORDER BY sort desc,update_time desc LIMIT 0,3    [ RunTime:0.037548s ]
[ sql ] [ SQL ] SELECT COUNT(*) AS tp_count FROM `ebcms5_content_content` WHERE  `category_id` IN (11,12)  AND `status` = '1' ORDER BY sort desc,update_time desc LIMIT 1    [ RunTime:0.027127s ]
[ sql ] [ SQL ] SELECT * FROM `ebcms5_content_content` WHERE  `category_id` IN (11,12)  AND `status` = '1' ORDER BY sort desc,update_time desc LIMIT 0,3    [ RunTime:0.028098s ]

---------------------------------------------------------------
[ 2017-02-21T14:56:37+08:00 ] ::1 ::1 GET /l7cms/index.php/index/mobile/indexList
[ log ] localhost/l7cms/index.php/index/mobile/indexList [运行时间：0.215318s][吞吐率：4.64req/s] [内存消耗：3,071.28kb] [文件加载：53]
[ error ] [8]未定义变量: category
[ error ] [8]未定义变量: category
[ error ] [8]未定义变量: category
[ error ] [8]未定义变量: category
[ error ] [2]array_merge_recursive(): Argument #1 is not an array
[ sql ] [ DB ] CONNECT:[ UseTime:0.027690s ] mysql:dbname=ebcms;host=101.200.161.146;port=3306;charset=utf8
[ sql ] [ SQL ] SELECT COUNT(*) AS tp_count FROM `ebcms5_content_content` WHERE  `category_id` IN (7,8,9)  AND `status` = '1' ORDER BY sort desc,update_time desc LIMIT 1    [ RunTime:0.023362s ]
[ sql ] [ SQL ] SELECT * FROM `ebcms5_content_content` WHERE  `category_id` IN (7,8,9)  AND `status` = '1' ORDER BY sort desc,update_time desc LIMIT 0,6    [ RunTime:0.015143s ]
[ sql ] [ SQL ] SELECT COUNT(*) AS tp_count FROM `ebcms5_content_content` WHERE  `category_id` = '10'  AND `status` = '1' ORDER BY sort desc,update_time desc LIMIT 1     [ RunTime:0.010781s ]
[ sql ] [ SQL ] SELECT * FROM `ebcms5_content_content` WHERE  `category_id` = '10'  AND `status` = '1' ORDER BY sort desc,update_time desc LIMIT 0,3     [ RunTime:0.013580s ]
[ sql ] [ SQL ] SELECT COUNT(*) AS tp_count FROM `ebcms5_content_content` WHERE  `category_id` IN (14,15,26)  AND `status` = '1' ORDER BY sort desc,update_time desc LIMIT 1    [ RunTime:0.011519s ]
[ sql ] [ SQL ] SELECT * FROM `ebcms5_content_content` WHERE  `category_id` IN (14,15,26)  AND `status` = '1' ORDER BY sort desc,update_time desc LIMIT 0,3    [ RunTime:0.013041s ]
[ sql ] [ SQL ] SELECT COUNT(*) AS tp_count FROM `ebcms5_content_content` WHERE  `category_id` IN (11,12)  AND `status` = '1' ORDER BY sort desc,update_time desc LIMIT 1    [ RunTime:0.017281s ]
[ sql ] [ SQL ] SELECT * FROM `ebcms5_content_content` WHERE  `category_id` IN (11,12)  AND `status` = '1' ORDER BY sort desc,update_time desc LIMIT 0,3    [ RunTime:0.014537s ]

---------------------------------------------------------------
[ 2017-02-21T14:59:05+08:00 ] ::1 ::1 GET /l7cms/index.php/index/mobile/indexList
[ log ] localhost/l7cms/index.php/index/mobile/indexList [运行时间：0.396159s][吞吐率：2.52req/s] [内存消耗：3,071.29kb] [文件加载：53]
[ error ] [8]未定义变量: category
[ error ] [8]未定义变量: category
[ error ] [8]未定义变量: category
[ error ] [8]未定义变量: category
[ error ] [2]array_combine() expects exactly 2 parameters, 4 given
[ sql ] [ DB ] CONNECT:[ UseTime:0.065767s ] mysql:dbname=ebcms;host=101.200.161.146;port=3306;charset=utf8
[ sql ] [ SQL ] SELECT COUNT(*) AS tp_count FROM `ebcms5_content_content` WHERE  `category_id` IN (7,8,9)  AND `status` = '1' ORDER BY sort desc,update_time desc LIMIT 1    [ RunTime:0.051318s ]
[ sql ] [ SQL ] SELECT * FROM `ebcms5_content_content` WHERE  `category_id` IN (7,8,9)  AND `status` = '1' ORDER BY sort desc,update_time desc LIMIT 0,6    [ RunTime:0.027499s ]
[ sql ] [ SQL ] SELECT COUNT(*) AS tp_count FROM `ebcms5_content_content` WHERE  `category_id` = '10'  AND `status` = '1' ORDER BY sort desc,update_time desc LIMIT 1     [ RunTime:0.023585s ]
[ sql ] [ SQL ] SELECT * FROM `ebcms5_content_content` WHERE  `category_id` = '10'  AND `status` = '1' ORDER BY sort desc,update_time desc LIMIT 0,3     [ RunTime:0.030101s ]
[ sql ] [ SQL ] SELECT COUNT(*) AS tp_count FROM `ebcms5_content_content` WHERE  `category_id` IN (14,15,26)  AND `status` = '1' ORDER BY sort desc,update_time desc LIMIT 1    [ RunTime:0.034002s ]
[ sql ] [ SQL ] SELECT * FROM `ebcms5_content_content` WHERE  `category_id` IN (14,15,26)  AND `status` = '1' ORDER BY sort desc,update_time desc LIMIT 0,3    [ RunTime:0.030955s ]
[ sql ] [ SQL ] SELECT COUNT(*) AS tp_count FROM `ebcms5_content_content` WHERE  `category_id` IN (11,12)  AND `status` = '1' ORDER BY sort desc,update_time desc LIMIT 1    [ RunTime:0.026322s ]
[ sql ] [ SQL ] SELECT * FROM `ebcms5_content_content` WHERE  `category_id` IN (11,12)  AND `status` = '1' ORDER BY sort desc,update_time desc LIMIT 0,3    [ RunTime:0.036177s ]

---------------------------------------------------------------
[ 2017-02-21T14:59:06+08:00 ] ::1 ::1 GET /l7cms/index.php/index/mobile/indexList
[ log ] localhost/l7cms/index.php/index/mobile/indexList [运行时间：0.345214s][吞吐率：2.90req/s] [内存消耗：3,071.29kb] [文件加载：53]
[ error ] [8]未定义变量: category
[ error ] [8]未定义变量: category
[ error ] [8]未定义变量: category
[ error ] [8]未定义变量: category
[ error ] [2]array_combine() expects exactly 2 parameters, 4 given
[ sql ] [ DB ] CONNECT:[ UseTime:0.054107s ] mysql:dbname=ebcms;host=101.200.161.146;port=3306;charset=utf8
[ sql ] [ SQL ] SELECT COUNT(*) AS tp_count FROM `ebcms5_content_content` WHERE  `category_id` IN (7,8,9)  AND `status` = '1' ORDER BY sort desc,update_time desc LIMIT 1    [ RunTime:0.032171s ]
[ sql ] [ SQL ] SELECT * FROM `ebcms5_content_content` WHERE  `category_id` IN (7,8,9)  AND `status` = '1' ORDER BY sort desc,update_time desc LIMIT 0,6    [ RunTime:0.041100s ]
[ sql ] [ SQL ] SELECT COUNT(*) AS tp_count FROM `ebcms5_content_content` WHERE  `category_id` = '10'  AND `status` = '1' ORDER BY sort desc,update_time desc LIMIT 1     [ RunTime:0.025815s ]
[ sql ] [ SQL ] SELECT * FROM `ebcms5_content_content` WHERE  `category_id` = '10'  AND `status` = '1' ORDER BY sort desc,update_time desc LIMIT 0,3     [ RunTime:0.024236s ]
[ sql ] [ SQL ] SELECT COUNT(*) AS tp_count FROM `ebcms5_content_content` WHERE  `category_id` IN (14,15,26)  AND `status` = '1' ORDER BY sort desc,update_time desc LIMIT 1    [ RunTime:0.026691s ]
[ sql ] [ SQL ] SELECT * FROM `ebcms5_content_content` WHERE  `category_id` IN (14,15,26)  AND `status` = '1' ORDER BY sort desc,update_time desc LIMIT 0,3    [ RunTime:0.028741s ]
[ sql ] [ SQL ] SELECT COUNT(*) AS tp_count FROM `ebcms5_content_content` WHERE  `category_id` IN (11,12)  AND `status` = '1' ORDER BY sort desc,update_time desc LIMIT 1    [ RunTime:0.026336s ]
[ sql ] [ SQL ] SELECT * FROM `ebcms5_content_content` WHERE  `category_id` IN (11,12)  AND `status` = '1' ORDER BY sort desc,update_time desc LIMIT 0,3    [ RunTime:0.020115s ]

---------------------------------------------------------------
[ 2017-02-21T14:59:12+08:00 ] ::1 ::1 GET /l7cms/index.php/index/mobile/indexList
[ log ] localhost/l7cms/index.php/index/mobile/indexList [运行时间：0.287231s][吞吐率：3.48req/s] [内存消耗：3,071.23kb] [文件加载：53]
[ error ] [8]未定义变量: category
[ error ] [8]未定义变量: category
[ error ] [8]未定义变量: category
[ error ] [8]未定义变量: category
[ error ] [2]array_combine() expects parameter 1 to be array, object given
[ sql ] [ DB ] CONNECT:[ UseTime:0.044262s ] mysql:dbname=ebcms;host=101.200.161.146;port=3306;charset=utf8
[ sql ] [ SQL ] SELECT COUNT(*) AS tp_count FROM `ebcms5_content_content` WHERE  `category_id` IN (7,8,9)  AND `status` = '1' ORDER BY sort desc,update_time desc LIMIT 1    [ RunTime:0.028498s ]
[ sql ] [ SQL ] SELECT * FROM `ebcms5_content_content` WHERE  `category_id` IN (7,8,9)  AND `status` = '1' ORDER BY sort desc,update_time desc LIMIT 0,6    [ RunTime:0.030018s ]
[ sql ] [ SQL ] SELECT COUNT(*) AS tp_count FROM `ebcms5_content_content` WHERE  `category_id` = '10'  AND `status` = '1' ORDER BY sort desc,update_time desc LIMIT 1     [ RunTime:0.025840s ]
[ sql ] [ SQL ] SELECT * FROM `ebcms5_content_content` WHERE  `category_id` = '10'  AND `status` = '1' ORDER BY sort desc,update_time desc LIMIT 0,3     [ RunTime:0.020840s ]
[ sql ] [ SQL ] SELECT COUNT(*) AS tp_count FROM `ebcms5_content_content` WHERE  `category_id` IN (14,15,26)  AND `status` = '1' ORDER BY sort desc,update_time desc LIMIT 1    [ RunTime:0.028873s ]
[ sql ] [ SQL ] SELECT * FROM `ebcms5_content_content` WHERE  `category_id` IN (14,15,26)  AND `status` = '1' ORDER BY sort desc,update_time desc LIMIT 0,3    [ RunTime:0.015344s ]
[ sql ] [ SQL ] SELECT COUNT(*) AS tp_count FROM `ebcms5_content_content` WHERE  `category_id` IN (11,12)  AND `status` = '1' ORDER BY sort desc,update_time desc LIMIT 1    [ RunTime:0.011731s ]
[ sql ] [ SQL ] SELECT * FROM `ebcms5_content_content` WHERE  `category_id` IN (11,12)  AND `status` = '1' ORDER BY sort desc,update_time desc LIMIT 0,3    [ RunTime:0.013722s ]

---------------------------------------------------------------
[ 2017-02-21T14:59:13+08:00 ] ::1 ::1 GET /l7cms/index.php/index/mobile/indexList
[ log ] localhost/l7cms/index.php/index/mobile/indexList [运行时间：0.339589s][吞吐率：2.94req/s] [内存消耗：3,071.23kb] [文件加载：53]
[ error ] [8]未定义变量: category
[ error ] [8]未定义变量: category
[ error ] [8]未定义变量: category
[ error ] [8]未定义变量: category
[ error ] [2]array_combine() expects parameter 1 to be array, object given
[ sql ] [ DB ] CONNECT:[ UseTime:0.031321s ] mysql:dbname=ebcms;host=101.200.161.146;port=3306;charset=utf8
[ sql ] [ SQL ] SELECT COUNT(*) AS tp_count FROM `ebcms5_content_content` WHERE  `category_id` IN (7,8,9)  AND `status` = '1' ORDER BY sort desc,update_time desc LIMIT 1    [ RunTime:0.022728s ]
[ sql ] [ SQL ] SELECT * FROM `ebcms5_content_content` WHERE  `category_id` IN (7,8,9)  AND `status` = '1' ORDER BY sort desc,update_time desc LIMIT 0,6    [ RunTime:0.022536s ]
[ sql ] [ SQL ] SELECT COUNT(*) AS tp_count FROM `ebcms5_content_content` WHERE  `category_id` = '10'  AND `status` = '1' ORDER BY sort desc,update_time desc LIMIT 1     [ RunTime:0.024758s ]
[ sql ] [ SQL ] SELECT * FROM `ebcms5_content_content` WHERE  `category_id` = '10'  AND `status` = '1' ORDER BY sort desc,update_time desc LIMIT 0,3     [ RunTime:0.029148s ]
[ sql ] [ SQL ] SELECT COUNT(*) AS tp_count FROM `ebcms5_content_content` WHERE  `category_id` IN (14,15,26)  AND `status` = '1' ORDER BY sort desc,update_time desc LIMIT 1    [ RunTime:0.026993s ]
[ sql ] [ SQL ] SELECT * FROM `ebcms5_content_content` WHERE  `category_id` IN (14,15,26)  AND `status` = '1' ORDER BY sort desc,update_time desc LIMIT 0,3    [ RunTime:0.039274s ]
[ sql ] [ SQL ] SELECT COUNT(*) AS tp_count FROM `ebcms5_content_content` WHERE  `category_id` IN (11,12)  AND `status` = '1' ORDER BY sort desc,update_time desc LIMIT 1    [ RunTime:0.043335s ]
[ sql ] [ SQL ] SELECT * FROM `ebcms5_content_content` WHERE  `category_id` IN (11,12)  AND `status` = '1' ORDER BY sort desc,update_time desc LIMIT 0,3    [ RunTime:0.032393s ]

---------------------------------------------------------------
[ 2017-02-21T15:01:35+08:00 ] ::1 ::1 GET /l7cms/index.php/index/mobile/indexList
[ log ] localhost/l7cms/index.php/index/mobile/indexList [运行时间：0.307937s][吞吐率：3.25req/s] [内存消耗：3,071.21kb] [文件加载：53]
[ error ] [8]未定义变量: category
[ error ] [8]未定义变量: category
[ error ] [8]未定义变量: category
[ error ] [8]未定义变量: category
[ error ] [2]array_merge(): Argument #1 is not an array
[ sql ] [ DB ] CONNECT:[ UseTime:0.035870s ] mysql:dbname=ebcms;host=101.200.161.146;port=3306;charset=utf8
[ sql ] [ SQL ] SELECT COUNT(*) AS tp_count FROM `ebcms5_content_content` WHERE  `category_id` IN (7,8,9)  AND `status` = '1' ORDER BY sort desc,update_time desc LIMIT 1    [ RunTime:0.027408s ]
[ sql ] [ SQL ] SELECT * FROM `ebcms5_content_content` WHERE  `category_id` IN (7,8,9)  AND `status` = '1' ORDER BY sort desc,update_time desc LIMIT 0,6    [ RunTime:0.031752s ]
[ sql ] [ SQL ] SELECT COUNT(*) AS tp_count FROM `ebcms5_content_content` WHERE  `category_id` = '10'  AND `status` = '1' ORDER BY sort desc,update_time desc LIMIT 1     [ RunTime:0.035074s ]
[ sql ] [ SQL ] SELECT * FROM `ebcms5_content_content` WHERE  `category_id` = '10'  AND `status` = '1' ORDER BY sort desc,update_time desc LIMIT 0,3     [ RunTime:0.022779s ]
[ sql ] [ SQL ] SELECT COUNT(*) AS tp_count FROM `ebcms5_content_content` WHERE  `category_id` IN (14,15,26)  AND `status` = '1' ORDER BY sort desc,update_time desc LIMIT 1    [ RunTime:0.023207s ]
[ sql ] [ SQL ] SELECT * FROM `ebcms5_content_content` WHERE  `category_id` IN (14,15,26)  AND `status` = '1' ORDER BY sort desc,update_time desc LIMIT 0,3    [ RunTime:0.020085s ]
[ sql ] [ SQL ] SELECT COUNT(*) AS tp_count FROM `ebcms5_content_content` WHERE  `category_id` IN (11,12)  AND `status` = '1' ORDER BY sort desc,update_time desc LIMIT 1    [ RunTime:0.026628s ]
[ sql ] [ SQL ] SELECT * FROM `ebcms5_content_content` WHERE  `category_id` IN (11,12)  AND `status` = '1' ORDER BY sort desc,update_time desc LIMIT 0,3    [ RunTime:0.016689s ]

---------------------------------------------------------------
[ 2017-02-21T15:01:36+08:00 ] ::1 ::1 GET /l7cms/index.php/index/mobile/indexList
[ log ] localhost/l7cms/index.php/index/mobile/indexList [运行时间：0.227343s][吞吐率：4.40req/s] [内存消耗：3,071.21kb] [文件加载：53]
[ error ] [8]未定义变量: category
[ error ] [8]未定义变量: category
[ error ] [8]未定义变量: category
[ error ] [8]未定义变量: category
[ error ] [2]array_merge(): Argument #1 is not an array
[ sql ] [ DB ] CONNECT:[ UseTime:0.033656s ] mysql:dbname=ebcms;host=101.200.161.146;port=3306;charset=utf8
[ sql ] [ SQL ] SELECT COUNT(*) AS tp_count FROM `ebcms5_content_content` WHERE  `category_id` IN (7,8,9)  AND `status` = '1' ORDER BY sort desc,update_time desc LIMIT 1    [ RunTime:0.018121s ]
[ sql ] [ SQL ] SELECT * FROM `ebcms5_content_content` WHERE  `category_id` IN (7,8,9)  AND `status` = '1' ORDER BY sort desc,update_time desc LIMIT 0,6    [ RunTime:0.029802s ]
[ sql ] [ SQL ] SELECT COUNT(*) AS tp_count FROM `ebcms5_content_content` WHERE  `category_id` = '10'  AND `status` = '1' ORDER BY sort desc,update_time desc LIMIT 1     [ RunTime:0.011799s ]
[ sql ] [ SQL ] SELECT * FROM `ebcms5_content_content` WHERE  `category_id` = '10'  AND `status` = '1' ORDER BY sort desc,update_time desc LIMIT 0,3     [ RunTime:0.012925s ]
[ sql ] [ SQL ] SELECT COUNT(*) AS tp_count FROM `ebcms5_content_content` WHERE  `category_id` IN (14,15,26)  AND `status` = '1' ORDER BY sort desc,update_time desc LIMIT 1    [ RunTime:0.011963s ]
[ sql ] [ SQL ] SELECT * FROM `ebcms5_content_content` WHERE  `category_id` IN (14,15,26)  AND `status` = '1' ORDER BY sort desc,update_time desc LIMIT 0,3    [ RunTime:0.016437s ]
[ sql ] [ SQL ] SELECT COUNT(*) AS tp_count FROM `ebcms5_content_content` WHERE  `category_id` IN (11,12)  AND `status` = '1' ORDER BY sort desc,update_time desc LIMIT 1    [ RunTime:0.012967s ]
[ sql ] [ SQL ] SELECT * FROM `ebcms5_content_content` WHERE  `category_id` IN (11,12)  AND `status` = '1' ORDER BY sort desc,update_time desc LIMIT 0,3    [ RunTime:0.014761s ]

---------------------------------------------------------------
[ 2017-02-21T15:01:37+08:00 ] ::1 ::1 GET /l7cms/index.php/index/mobile/indexList
[ log ] localhost/l7cms/index.php/index/mobile/indexList [运行时间：0.328343s][吞吐率：3.05req/s] [内存消耗：3,071.21kb] [文件加载：53]
[ error ] [8]未定义变量: category
[ error ] [8]未定义变量: category
[ error ] [8]未定义变量: category
[ error ] [8]未定义变量: category
[ error ] [2]array_merge(): Argument #1 is not an array
[ sql ] [ DB ] CONNECT:[ UseTime:0.032596s ] mysql:dbname=ebcms;host=101.200.161.146;port=3306;charset=utf8
[ sql ] [ SQL ] SELECT COUNT(*) AS tp_count FROM `ebcms5_content_content` WHERE  `category_id` IN (7,8,9)  AND `status` = '1' ORDER BY sort desc,update_time desc LIMIT 1    [ RunTime:0.023256s ]
[ sql ] [ SQL ] SELECT * FROM `ebcms5_content_content` WHERE  `category_id` IN (7,8,9)  AND `status` = '1' ORDER BY sort desc,update_time desc LIMIT 0,6    [ RunTime:0.024711s ]
[ sql ] [ SQL ] SELECT COUNT(*) AS tp_count FROM `ebcms5_content_content` WHERE  `category_id` = '10'  AND `status` = '1' ORDER BY sort desc,update_time desc LIMIT 1     [ RunTime:0.028880s ]
[ sql ] [ SQL ] SELECT * FROM `ebcms5_content_content` WHERE  `category_id` = '10'  AND `status` = '1' ORDER BY sort desc,update_time desc LIMIT 0,3     [ RunTime:0.031064s ]
[ sql ] [ SQL ] SELECT COUNT(*) AS tp_count FROM `ebcms5_content_content` WHERE  `category_id` IN (14,15,26)  AND `status` = '1' ORDER BY sort desc,update_time desc LIMIT 1    [ RunTime:0.035543s ]
[ sql ] [ SQL ] SELECT * FROM `ebcms5_content_content` WHERE  `category_id` IN (14,15,26)  AND `status` = '1' ORDER BY sort desc,update_time desc LIMIT 0,3    [ RunTime:0.033926s ]
[ sql ] [ SQL ] SELECT COUNT(*) AS tp_count FROM `ebcms5_content_content` WHERE  `category_id` IN (11,12)  AND `status` = '1' ORDER BY sort desc,update_time desc LIMIT 1    [ RunTime:0.032517s ]
[ sql ] [ SQL ] SELECT * FROM `ebcms5_content_content` WHERE  `category_id` IN (11,12)  AND `status` = '1' ORDER BY sort desc,update_time desc LIMIT 0,3    [ RunTime:0.020523s ]

---------------------------------------------------------------
[ 2017-02-21T15:01:43+08:00 ] ::1 ::1 GET /l7cms/index.php/index/mobile/indexList
[ log ] localhost/l7cms/index.php/index/mobile/indexList [运行时间：0.225601s][吞吐率：4.43req/s] [内存消耗：3,080.12kb] [文件加载：53]
[ error ] [8]未定义变量: category
[ error ] [8]未定义变量: category
[ error ] [8]未定义变量: category
[ error ] [8]未定义变量: category
[ error ] [2]array_merge(): Argument #1 is not an array
[ sql ] [ DB ] CONNECT:[ UseTime:0.022170s ] mysql:dbname=ebcms;host=101.200.161.146;port=3306;charset=utf8
[ sql ] [ SQL ] SELECT COUNT(*) AS tp_count FROM `ebcms5_content_content` WHERE  `category_id` IN (7,8,9)  AND `status` = '1' ORDER BY sort desc,update_time desc LIMIT 1    [ RunTime:0.012477s ]
[ sql ] [ SQL ] SELECT * FROM `ebcms5_content_content` WHERE  `category_id` IN (7,8,9)  AND `status` = '1' ORDER BY sort desc,update_time desc LIMIT 0,6    [ RunTime:0.018498s ]
[ sql ] [ SQL ] SELECT COUNT(*) AS tp_count FROM `ebcms5_content_content` WHERE  `category_id` = '10'  AND `status` = '1' ORDER BY sort desc,update_time desc LIMIT 1     [ RunTime:0.026224s ]
[ sql ] [ SQL ] SELECT * FROM `ebcms5_content_content` WHERE  `category_id` = '10'  AND `status` = '1' ORDER BY sort desc,update_time desc LIMIT 0,3     [ RunTime:0.018649s ]
[ sql ] [ SQL ] SELECT COUNT(*) AS tp_count FROM `ebcms5_content_content` WHERE  `category_id` IN (14,15,26)  AND `status` = '1' ORDER BY sort desc,update_time desc LIMIT 1    [ RunTime:0.018045s ]
[ sql ] [ SQL ] SELECT * FROM `ebcms5_content_content` WHERE  `category_id` IN (14,15,26)  AND `status` = '1' ORDER BY sort desc,update_time desc LIMIT 0,3    [ RunTime:0.014087s ]
[ sql ] [ SQL ] SELECT COUNT(*) AS tp_count FROM `ebcms5_content_content` WHERE  `category_id` IN (11,12)  AND `status` = '1' ORDER BY sort desc,update_time desc LIMIT 1    [ RunTime:0.012913s ]
[ sql ] [ SQL ] SELECT * FROM `ebcms5_content_content` WHERE  `category_id` IN (11,12)  AND `status` = '1' ORDER BY sort desc,update_time desc LIMIT 0,3    [ RunTime:0.014839s ]

---------------------------------------------------------------
[ 2017-02-21T15:03:17+08:00 ] ::1 ::1 GET /l7cms/index.php/index/mobile/indexList
[ log ] localhost/l7cms/index.php/index/mobile/indexList [运行时间：0.188212s][吞吐率：5.31req/s] [内存消耗：2,836.30kb] [文件加载：43]
[ sql ] [ DB ] CONNECT:[ UseTime:0.039451s ] mysql:dbname=ebcms;host=101.200.161.146;port=3306;charset=utf8
[ sql ] [ SQL ] SELECT * FROM `ebcms5_content_content` WHERE  `category_id` IN (7,8,9)  AND `status` = '1' ORDER BY sort desc,update_time desc LIMIT 0,6    [ RunTime:0.028606s ]
[ sql ] [ SQL ] SELECT * FROM `ebcms5_content_content` WHERE  `category_id` = '10'  AND `status` = '1' ORDER BY sort desc,update_time desc LIMIT 0,3     [ RunTime:0.019038s ]
[ sql ] [ SQL ] SELECT * FROM `ebcms5_content_content` WHERE  `category_id` IN (14,15,26)  AND `status` = '1' ORDER BY sort desc,update_time desc LIMIT 0,3    [ RunTime:0.017751s ]
[ sql ] [ SQL ] SELECT * FROM `ebcms5_content_content` WHERE  `category_id` IN (11,12)  AND `status` = '1' ORDER BY sort desc,update_time desc LIMIT 0,3    [ RunTime:0.028596s ]

---------------------------------------------------------------
[ 2017-02-21T15:03:29+08:00 ] ::1 ::1 GET /l7cms/index.php/index/mobile/indexList
[ log ] localhost/l7cms/index.php/index/mobile/indexList [运行时间：0.188415s][吞吐率：5.31req/s] [内存消耗：2,841.29kb] [文件加载：43]
[ sql ] [ DB ] CONNECT:[ UseTime:0.042729s ] mysql:dbname=ebcms;host=101.200.161.146;port=3306;charset=utf8
[ sql ] [ SQL ] SELECT * FROM `ebcms5_content_content` WHERE  `category_id` IN (7,8,9)  AND `status` = '1' ORDER BY sort desc,update_time desc LIMIT 0,6    [ RunTime:0.019493s ]
[ sql ] [ SQL ] SELECT * FROM `ebcms5_content_content` WHERE  `category_id` = '10'  AND `status` = '1' ORDER BY sort desc,update_time desc LIMIT 0,3     [ RunTime:0.018483s ]
[ sql ] [ SQL ] SELECT * FROM `ebcms5_content_content` WHERE  `category_id` IN (14,15,26)  AND `status` = '1' ORDER BY sort desc,update_time desc LIMIT 0,3    [ RunTime:0.031877s ]
[ sql ] [ SQL ] SELECT * FROM `ebcms5_content_content` WHERE  `category_id` IN (11,12)  AND `status` = '1' ORDER BY sort desc,update_time desc LIMIT 0,3    [ RunTime:0.019068s ]

---------------------------------------------------------------
[ 2017-02-21T15:03:51+08:00 ] ::1 ::1 GET /l7cms/index.php/index/mobile/indexList
[ log ] localhost/l7cms/index.php/index/mobile/indexList [运行时间：0.202405s][吞吐率：4.94req/s] [内存消耗：2,850.56kb] [文件加载：43]
[ sql ] [ DB ] CONNECT:[ UseTime:0.044473s ] mysql:dbname=ebcms;host=101.200.161.146;port=3306;charset=utf8
[ sql ] [ SQL ] SELECT * FROM `ebcms5_content_content` WHERE  `category_id` IN (7,8,9)  AND `status` = '1' ORDER BY sort desc,update_time desc LIMIT 0,6    [ RunTime:0.030713s ]
[ sql ] [ SQL ] SELECT * FROM `ebcms5_content_content` WHERE  `category_id` = '10'  AND `status` = '1' ORDER BY sort desc,update_time desc LIMIT 0,3     [ RunTime:0.019624s ]
[ sql ] [ SQL ] SELECT * FROM `ebcms5_content_content` WHERE  `category_id` IN (14,15,26)  AND `status` = '1' ORDER BY sort desc,update_time desc LIMIT 0,3    [ RunTime:0.025390s ]
[ sql ] [ SQL ] SELECT * FROM `ebcms5_content_content` WHERE  `category_id` IN (11,12)  AND `status` = '1' ORDER BY sort desc,update_time desc LIMIT 0,3    [ RunTime:0.018995s ]

---------------------------------------------------------------
[ 2017-02-21T15:04:15+08:00 ] ::1 ::1 GET /l7cms/index.php/index/mobile/indexList
[ log ] localhost/l7cms/index.php/index/mobile/indexList [运行时间：0.186362s][吞吐率：5.37req/s] [内存消耗：2,943.30kb] [文件加载：49]
[ sql ] [ DB ] CONNECT:[ UseTime:0.035178s ] mysql:dbname=ebcms;host=101.200.161.146;port=3306;charset=utf8
[ sql ] [ SQL ] SELECT * FROM `ebcms5_content_content` WHERE  `category_id` IN (7,8,9)  AND `status` = '1' ORDER BY sort desc,update_time desc LIMIT 0,6    [ RunTime:0.029224s ]
[ sql ] [ SQL ] SELECT * FROM `ebcms5_content_content` WHERE  `category_id` = '10'  AND `status` = '1' ORDER BY sort desc,update_time desc LIMIT 0,3     [ RunTime:0.018248s ]
[ sql ] [ SQL ] SELECT * FROM `ebcms5_content_content` WHERE  `category_id` IN (14,15,26)  AND `status` = '1' ORDER BY sort desc,update_time desc LIMIT 0,3    [ RunTime:0.027128s ]
[ sql ] [ SQL ] SELECT * FROM `ebcms5_content_content` WHERE  `category_id` IN (11,12)  AND `status` = '1' ORDER BY sort desc,update_time desc LIMIT 0,3    [ RunTime:0.018668s ]
[ error ] [8]未定义变量: lists
[ error ] [2]Missing argument 6 for app\index\controller\Mobile::list_hand(), called in E:\workspace-php\l7cms\application\index\controller\Mobile.php on line 22 and defined
[ error ] [2]Invalid argument supplied for foreach()
[ error ] [8]未定义索引: callback

---------------------------------------------------------------
[ 2017-02-21T15:04:24+08:00 ] ::1 ::1 GET /l7cms/index.php/index/mobile/indexList
[ log ] localhost/l7cms/index.php/index/mobile/indexList [运行时间：0.215293s][吞吐率：4.64req/s] [内存消耗：2,954.51kb] [文件加载：49]
[ sql ] [ DB ] CONNECT:[ UseTime:0.070754s ] mysql:dbname=ebcms;host=101.200.161.146;port=3306;charset=utf8
[ sql ] [ SQL ] SELECT * FROM `ebcms5_content_content` WHERE  `category_id` IN (7,8,9)  AND `status` = '1' ORDER BY sort desc,update_time desc LIMIT 0,6    [ RunTime:0.018993s ]
[ sql ] [ SQL ] SELECT * FROM `ebcms5_content_content` WHERE  `category_id` = '10'  AND `status` = '1' ORDER BY sort desc,update_time desc LIMIT 0,3     [ RunTime:0.020072s ]
[ sql ] [ SQL ] SELECT * FROM `ebcms5_content_content` WHERE  `category_id` IN (14,15,26)  AND `status` = '1' ORDER BY sort desc,update_time desc LIMIT 0,3    [ RunTime:0.027199s ]
[ sql ] [ SQL ] SELECT * FROM `ebcms5_content_content` WHERE  `category_id` IN (11,12)  AND `status` = '1' ORDER BY sort desc,update_time desc LIMIT 0,3    [ RunTime:0.017753s ]
[ error ] [2]Missing argument 6 for app\index\controller\Mobile::list_hand(), called in E:\workspace-php\l7cms\application\index\controller\Mobile.php on line 22 and defined
[ error ] [8]未定义索引: callback

---------------------------------------------------------------
[ 2017-02-21T15:12:59+08:00 ] ::1 ::1 GET /l7cms/index.php
[ log ] localhost/l7cms/index.php [运行时间：0.192490s][吞吐率：5.20req/s] [内存消耗：3,232.64kb] [文件加载：56]
[ sql ] [ DB ] CONNECT:[ UseTime:0.050035s ] mysql:dbname=ebcms;host=101.200.161.146;port=3306;charset=utf8
[ sql ] [ SQL ] SELECT * FROM `ebcms5_navcate` WHERE  `status` = 1  AND `mark` = 'bottom' LIMIT 1   [ RunTime:0.019894s ]
[ sql ] [ SQL ] SELECT * FROM `ebcms5_nav` WHERE  `category_id` = 2  AND `status` = 1 ORDER BY sort desc,id asc  [ RunTime:0.025956s ]
[ sql ] [ SQL ] INSERT INTO `ebcms5_tongji` (`user_id` , `title` , `url` , `ip` , `create_time`) VALUES ('1' , '首页' , 'http://localhost/l7cms/index.php' , '0.0.0.0' , '1487661179')       [ RunTime:0.019525s ]

---------------------------------------------------------------
[ 2017-02-21T15:13:49+08:00 ] ::1 ::1 GET /l7cms/index.php
[ log ] localhost/l7cms/index.php [运行时间：0.195197s][吞吐率：5.12req/s] [内存消耗：3,232.65kb] [文件加载：56]
[ sql ] [ DB ] CONNECT:[ UseTime:0.037994s ] mysql:dbname=ebcms;host=101.200.161.146;port=3306;charset=utf8
[ sql ] [ SQL ] SELECT * FROM `ebcms5_navcate` WHERE  `status` = 1  AND `mark` = 'bottom' LIMIT 1   [ RunTime:0.018765s ]
[ sql ] [ SQL ] SELECT * FROM `ebcms5_nav` WHERE  `category_id` = 2  AND `status` = 1 ORDER BY sort desc,id asc  [ RunTime:0.018067s ]
[ sql ] [ SQL ] INSERT INTO `ebcms5_tongji` (`user_id` , `title` , `url` , `ip` , `create_time`) VALUES ('1' , '首页' , 'http://localhost/l7cms/index.php' , '0.0.0.0' , '1487661229')       [ RunTime:0.021457s ]

---------------------------------------------------------------
[ 2017-02-21T15:13:50+08:00 ] ::1 ::1 GET /l7cms/index.php/index/mobile/indexList?callback=jQuery18203999103448206469_1487661229808&_=1487661229858
[ log ] localhost/l7cms/index.php/index/mobile/indexList?callback=jQuery18203999103448206469_1487661229808&_=1487661229858 [运行时间：0.213257s][吞吐率：4.69req/s] [内存消耗：2,954.27kb] [文件加载：49]
[ sql ] [ DB ] CONNECT:[ UseTime:0.051322s ] mysql:dbname=ebcms;host=101.200.161.146;port=3306;charset=utf8
[ sql ] [ SQL ] SELECT * FROM `ebcms5_content_content` WHERE  `category_id` IN (7,8,9)  AND `status` = '1' ORDER BY sort desc,update_time desc LIMIT 0,6    [ RunTime:0.027906s ]
[ sql ] [ SQL ] SELECT * FROM `ebcms5_content_content` WHERE  `category_id` = '10'  AND `status` = '1' ORDER BY sort desc,update_time desc LIMIT 0,3     [ RunTime:0.018314s ]
[ sql ] [ SQL ] SELECT * FROM `ebcms5_content_content` WHERE  `category_id` IN (14,15,26)  AND `status` = '1' ORDER BY sort desc,update_time desc LIMIT 0,3    [ RunTime:0.017360s ]
[ sql ] [ SQL ] SELECT * FROM `ebcms5_content_content` WHERE  `category_id` IN (11,12)  AND `status` = '1' ORDER BY sort desc,update_time desc LIMIT 0,3    [ RunTime:0.018419s ]
[ error ] [2]Missing argument 6 for app\index\controller\Mobile::list_hand(), called in E:\workspace-php\l7cms\application\index\controller\Mobile.php on line 22 and defined

---------------------------------------------------------------
[ 2017-02-21T15:14:58+08:00 ] ::1 ::1 GET /l7cms/index.php
[ log ] localhost/l7cms/index.php [运行时间：0.244231s][吞吐率：4.09req/s] [内存消耗：2,928.49kb] [文件加载：52]
[ sql ] [ DB ] CONNECT:[ UseTime:0.096380s ] mysql:dbname=ebcms;host=101.200.161.146;port=3306;charset=utf8
[ sql ] [ SQL ] SELECT * FROM `ebcms5_navcate` WHERE  `status` = 1  AND `mark` = 'bottom' LIMIT 1   [ RunTime:0.025466s ]
[ sql ] [ SQL ] SELECT * FROM `ebcms5_nav` WHERE  `category_id` = 2  AND `status` = 1 ORDER BY sort desc,id asc  [ RunTime:0.013425s ]
[ sql ] [ SQL ] INSERT INTO `ebcms5_tongji` (`user_id` , `title` , `url` , `ip` , `create_time`) VALUES ('1' , '首页' , 'http://localhost/l7cms/index.php' , '0.0.0.0' , '1487661298')       [ RunTime:0.022760s ]

---------------------------------------------------------------
[ 2017-02-21T15:14:58+08:00 ] ::1 ::1 GET /l7cms/index.php/index/mobile/indexList?callback=jQuery182006022251973686554_1487661298604&_=1487661298646
[ log ] localhost/l7cms/index.php/index/mobile/indexList?callback=jQuery182006022251973686554_1487661298604&_=1487661298646 [运行时间：0.232113s][吞吐率：4.31req/s] [内存消耗：2,954.27kb] [文件加载：49]
[ sql ] [ DB ] CONNECT:[ UseTime:0.031754s ] mysql:dbname=ebcms;host=101.200.161.146;port=3306;charset=utf8
[ sql ] [ SQL ] SELECT * FROM `ebcms5_content_content` WHERE  `category_id` IN (7,8,9)  AND `status` = '1' ORDER BY sort desc,update_time desc LIMIT 0,6    [ RunTime:0.017038s ]
[ sql ] [ SQL ] SELECT * FROM `ebcms5_content_content` WHERE  `category_id` = '10'  AND `status` = '1' ORDER BY sort desc,update_time desc LIMIT 0,3     [ RunTime:0.029438s ]
[ sql ] [ SQL ] SELECT * FROM `ebcms5_content_content` WHERE  `category_id` IN (14,15,26)  AND `status` = '1' ORDER BY sort desc,update_time desc LIMIT 0,3    [ RunTime:0.027933s ]
[ sql ] [ SQL ] SELECT * FROM `ebcms5_content_content` WHERE  `category_id` IN (11,12)  AND `status` = '1' ORDER BY sort desc,update_time desc LIMIT 0,3    [ RunTime:0.029335s ]
[ error ] [2]Missing argument 6 for app\index\controller\Mobile::list_hand(), called in E:\workspace-php\l7cms\application\index\controller\Mobile.php on line 22 and defined

---------------------------------------------------------------
