[ 2017-03-06T17:48:35+08:00 ] ::1 ::1 GET /l7cms/index.php
[ log ] localhost/l7cms/index.php [运行时间：3.085770s][吞吐率：0.32req/s] [内存消耗：3,249.67kb] [文件加载：58]
[ info ] [ CACHE ] INIT File:array (
  'type' => 'File',
  'path' => 'E:\\workspace-php\\l7cms\\runtime\\cache\\',
  'prefix' => '',
  'expire' => 0,
)
[ info ] [ ROUTE ] array (
  'type' => 'module',
  'module' => 
  array (
    0 => 'index',
    1 => 'index',
    2 => 'index',
  ),
  'convert' => false,
)
[ info ] [ HEADER ] array (
  'host' => 'localhost',
  'connection' => 'keep-alive',
  'upgrade-insecure-requests' => '1',
  'user-agent' => 'Mozilla/5.0 (Windows NT 10.0; WOW64) AppleWebKit/537.36 (KHTML, like Gecko) Chrome/51.0.2704.63 Safari/537.36',
  'accept' => 'text/html,application/xhtml+xml,application/xml;q=0.9,image/webp,*/*;q=0.8',
  'accept-encoding' => 'gzip, deflate, sdch',
  'accept-language' => 'zh-CN,zh;q=0.8',
  'cookie' => 'AJSTAT_ok_times=1; a4883_times=1; bdshare_firstime=1465982800918; pgv_pvi=6812175360; Hm_lvt_7b43330a4da4a6f4353e553988ee8a62=1476788401; CNZZDATA1000200717=565765623-1467944709-%7C1479695857; MEIQIA_EXTRA_TRACK_ID=de632e18b2e111e69cb5020af009bdc2; CNZZDATA1259010002=1747616501-1478332169-%7C1480566561; Hm_lvt_ed8ac418ac5e06a8c76d9a39d00132c8=1488444448',
)
[ info ] [ PARAM ] array (
)
[ info ] [ RUN ] Method [ <user> public method index ] {
  @@ E:\workspace-php\l7cms\application\index\controller\Index.php 6 - 16
}

[ info ] [ VIEW ] E:\workspace-php\l7cms\templates\default\index\index.html [ array (
  0 => 'seo',
) ]
[ info ] [ DB ] INIT mysql:array (
  'type' => 'mysql',
  'dsn' => '',
  'hostname' => '101.200.161.146',
  'database' => 'ebcms',
  'username' => 'root',
  'password' => 'ycdy5211987',
  'hostport' => '3306',
  'params' => 
  array (
  ),
  'charset' => 'utf8',
  'prefix' => 'ebcms5_',
  'debug' => true,
  'deploy' => 0,
  'rw_separate' => false,
  'master_num' => 1,
  'slave_no' => '',
  'fields_strict' => true,
  'auto_timestamp' => true,
  'resultset_type' => 'array',
  'sql_explain' => false,
)
[ info ] [ LANG ] E:\workspace-php\l7cms\thinkphp\lang\zh-cn.php
[ info ] [ LANG ] E:\workspace-php\l7cms\thinkphp\lang\zh-cn.php
[ info ] [ LOG ] INIT File: array (
  'path' => 'E:\\workspace-php\\l7cms\\runtime\\log\\',
  'level' => 
  array (
  ),
)
[ sql ] [ DB ] CONNECT:[ UseTime:0.020233s ] mysql:dbname=ebcms;host=101.200.161.146;port=3306;charset=utf8
[ sql ] [ SQL ] SELECT * FROM `ebcms5_recommendcate` WHERE  `mark` = 'index_top_advice'  AND `status` = 1 LIMIT 1   [ RunTime:0.019422s ]
[ sql ] [ SQL ] SELECT * FROM `ebcms5_recommend` WHERE  `category_id` = 12  AND `status` = 1 ORDER BY sort desc,id desc LIMIT 1   [ RunTime:0.016594s ]
[ error ] [8]未定义变量: category[E:\workspace-php\l7cms\runtime\temp\359bda0c40448a88f43b121ae0e1c21a.php:51]

---------------------------------------------------------------
[ 2017-03-06T17:50:00+08:00 ] ::1 ::1 GET /l7cms/index.php
[ log ] localhost/l7cms/index.php [运行时间：0.625972s][吞吐率：1.60req/s] [内存消耗：3,170.80kb] [文件加载：60]
[ sql ] [ DB ] CONNECT:[ UseTime:0.026868s ] mysql:dbname=ebcms;host=101.200.161.146;port=3306;charset=utf8
[ sql ] [ SQL ] SELECT * FROM `ebcms5_recommendcate` WHERE  `mark` = 'index_top_advice'  AND `status` = 1 LIMIT 1   [ RunTime:0.015793s ]
[ sql ] [ SQL ] SELECT * FROM `ebcms5_recommend` WHERE  `category_id` = 12  AND `status` = 1 ORDER BY sort desc,id desc LIMIT 1   [ RunTime:0.016995s ]
[ sql ] [ SQL ] SELECT * FROM `ebcms5_recommendcate` WHERE  `mark` = 'index_big_news'  AND `status` = 1 LIMIT 1   [ RunTime:0.013926s ]
[ sql ] [ SQL ] SELECT * FROM `ebcms5_recommend` WHERE  `category_id` = 8  AND `status` = 1 ORDER BY sort desc,id desc LIMIT 1   [ RunTime:0.013238s ]
[ sql ] [ SQL ] SELECT * FROM `ebcms5_recommendcate` WHERE  `mark` = 'index_slide'  AND `status` = 1 LIMIT 1   [ RunTime:0.013484s ]
[ sql ] [ SQL ] SELECT * FROM `ebcms5_recommend` WHERE  `category_id` = 2  AND `status` = 1 ORDER BY sort desc,id desc LIMIT 4   [ RunTime:0.017290s ]
[ sql ] [ SQL ] SELECT * FROM `ebcms5_recommendcate` WHERE  `mark` = 'index_special'  AND `status` = 1 LIMIT 1   [ RunTime:0.017228s ]
[ sql ] [ SQL ] SELECT * FROM `ebcms5_recommend` WHERE  `category_id` = 4  AND `status` = 1 ORDER BY sort desc,id desc  [ RunTime:0.039481s ]
[ sql ] [ SQL ] SELECT * FROM `ebcms5_recommendcate` WHERE  `mark` = 'index_video_selection'  AND `status` = 1 LIMIT 1   [ RunTime:0.016352s ]
[ sql ] [ SQL ] SELECT * FROM `ebcms5_recommend` WHERE  `category_id` = 6  AND `status` = 1 ORDER BY sort desc LIMIT 3   [ RunTime:0.016413s ]
[ sql ] [ SQL ] SELECT * FROM `ebcms5_recommendcate` WHERE  `mark` = 'index_digger'  AND `status` = 1 LIMIT 1   [ RunTime:0.020387s ]
[ sql ] [ SQL ] SELECT * FROM `ebcms5_recommend` WHERE  `category_id` = 9  AND `status` = 1 ORDER BY sort desc,id desc LIMIT 1   [ RunTime:0.020115s ]
[ sql ] [ SQL ] SELECT * FROM `ebcms5_recommendcate` WHERE  `mark` = 'index_chaijie_pingce'  AND `status` = 1 LIMIT 1   [ RunTime:0.020405s ]
[ sql ] [ SQL ] SELECT * FROM `ebcms5_recommend` WHERE  `category_id` = 7  AND `status` = 1 ORDER BY sort desc,id desc LIMIT 3   [ RunTime:0.025418s ]
[ sql ] [ SQL ] SELECT * FROM `ebcms5_navcate` WHERE  `status` = 1  AND `mark` = 'bottom' LIMIT 1   [ RunTime:0.016592s ]
[ sql ] [ SQL ] SELECT * FROM `ebcms5_nav` WHERE  `category_id` = 2  AND `status` = 1 ORDER BY sort desc,id asc  [ RunTime:0.016561s ]
[ sql ] [ SQL ] INSERT INTO `ebcms5_tongji` (`user_id` , `title` , `url` , `ip` , `create_time`) VALUES ('0' , '首页' , 'http://localhost/l7cms/index.php' , '0.0.0.0' , '1488793799')       [ RunTime:0.021532s ]
[ error ] [8]未定义变量: category
[ error ] [8]未定义变量: category
[ error ] [8]未定义变量: category
[ error ] [8]未定义变量: category
[ error ] [8]未定义变量: category
[ error ] [8]未定义变量: category
[ error ] [8]未定义变量: category
[ error ] [8]未定义变量: category
[ error ] [8]未定义变量: category
[ error ] [8]未定义变量: category
[ error ] [8]未定义变量: category
[ error ] [8]未定义变量: category
[ error ] [8]未定义变量: category
[ error ] [8]未定义变量: category

---------------------------------------------------------------
[ 2017-03-06T17:50:24+08:00 ] ::1 ::1 GET /l7cms/index.php/
[ log ] localhost/l7cms/index.php/ [运行时间：0.566869s][吞吐率：1.76req/s] [内存消耗：3,170.16kb] [文件加载：60]
[ sql ] [ DB ] CONNECT:[ UseTime:0.033993s ] mysql:dbname=ebcms;host=101.200.161.146;port=3306;charset=utf8
[ sql ] [ SQL ] SELECT * FROM `ebcms5_recommendcate` WHERE  `mark` = 'index_top_advice'  AND `status` = 1 LIMIT 1   [ RunTime:0.017946s ]
[ sql ] [ SQL ] SELECT * FROM `ebcms5_recommend` WHERE  `category_id` = 12  AND `status` = 1 ORDER BY sort desc,id desc LIMIT 1   [ RunTime:0.025689s ]
[ sql ] [ SQL ] SELECT * FROM `ebcms5_recommendcate` WHERE  `mark` = 'index_big_news'  AND `status` = 1 LIMIT 1   [ RunTime:0.034578s ]
[ sql ] [ SQL ] SELECT * FROM `ebcms5_recommend` WHERE  `category_id` = 8  AND `status` = 1 ORDER BY sort desc,id desc LIMIT 1   [ RunTime:0.016184s ]
[ sql ] [ SQL ] SELECT * FROM `ebcms5_recommendcate` WHERE  `mark` = 'index_slide'  AND `status` = 1 LIMIT 1   [ RunTime:0.020525s ]
[ sql ] [ SQL ] SELECT * FROM `ebcms5_recommend` WHERE  `category_id` = 2  AND `status` = 1 ORDER BY sort desc,id desc LIMIT 4   [ RunTime:0.020390s ]
[ sql ] [ SQL ] SELECT * FROM `ebcms5_recommendcate` WHERE  `mark` = 'index_special'  AND `status` = 1 LIMIT 1   [ RunTime:0.016439s ]
[ sql ] [ SQL ] SELECT * FROM `ebcms5_recommend` WHERE  `category_id` = 4  AND `status` = 1 ORDER BY sort desc,id desc  [ RunTime:0.039324s ]
[ sql ] [ SQL ] SELECT * FROM `ebcms5_recommendcate` WHERE  `mark` = 'index_video_selection'  AND `status` = 1 LIMIT 1   [ RunTime:0.018595s ]
[ sql ] [ SQL ] SELECT * FROM `ebcms5_recommend` WHERE  `category_id` = 6  AND `status` = 1 ORDER BY sort desc LIMIT 3   [ RunTime:0.024611s ]
[ sql ] [ SQL ] SELECT * FROM `ebcms5_recommendcate` WHERE  `mark` = 'index_digger'  AND `status` = 1 LIMIT 1   [ RunTime:0.014592s ]
[ sql ] [ SQL ] SELECT * FROM `ebcms5_recommend` WHERE  `category_id` = 9  AND `status` = 1 ORDER BY sort desc,id desc LIMIT 1   [ RunTime:0.019974s ]
[ sql ] [ SQL ] SELECT * FROM `ebcms5_recommendcate` WHERE  `mark` = 'index_chaijie_pingce'  AND `status` = 1 LIMIT 1   [ RunTime:0.019673s ]
[ sql ] [ SQL ] SELECT * FROM `ebcms5_recommend` WHERE  `category_id` = 7  AND `status` = 1 ORDER BY sort desc,id desc LIMIT 3   [ RunTime:0.020062s ]
[ sql ] [ SQL ] SELECT * FROM `ebcms5_navcate` WHERE  `status` = 1  AND `mark` = 'bottom' LIMIT 1   [ RunTime:0.013106s ]
[ sql ] [ SQL ] SELECT * FROM `ebcms5_nav` WHERE  `category_id` = 2  AND `status` = 1 ORDER BY sort desc,id asc  [ RunTime:0.014269s ]
[ sql ] [ SQL ] INSERT INTO `ebcms5_tongji` (`user_id` , `title` , `url` , `ip` , `create_time`) VALUES ('0' , '首页' , 'http://localhost/l7cms/index.php/' , '0.0.0.0' , '1488793823')       [ RunTime:0.020230s ]
[ error ] [8]未定义变量: category
[ error ] [8]未定义变量: category
[ error ] [8]未定义变量: category
[ error ] [8]未定义变量: category
[ error ] [8]未定义变量: category
[ error ] [8]未定义变量: category
[ error ] [8]未定义变量: category
[ error ] [8]未定义变量: category
[ error ] [8]未定义变量: category
[ error ] [8]未定义变量: category
[ error ] [8]未定义变量: category
[ error ] [8]未定义变量: category
[ error ] [8]未定义变量: category
[ error ] [8]未定义变量: category

---------------------------------------------------------------
[ 2017-03-06T17:52:05+08:00 ] ::1 ::1 GET /l7cms/index.php/News
[ log ] localhost/l7cms/index.php/News [运行时间：0.469440s][吞吐率：2.13req/s] [内存消耗：3,832.84kb] [文件加载：64]
[ sql ] [ DB ] CONNECT:[ UseTime:0.028290s ] mysql:dbname=ebcms;host=101.200.161.146;port=3306;charset=utf8
[ sql ] [ SQL ] SELECT COUNT(*) AS tp_count FROM `ebcms5_content_content` WHERE  `category_id` IN (7,8,9)  AND `status` = '1' ORDER BY sort desc,update_time desc,id desc LIMIT 1    [ RunTime:0.017926s ]
[ sql ] [ SQL ] SELECT * FROM `ebcms5_content_content` WHERE  `category_id` IN (7,8,9)  AND `status` = '1' ORDER BY sort desc,update_time desc,id desc LIMIT 0,5    [ RunTime:0.019647s ]
[ sql ] [ SQL ] select ct.tag,cts.c_id from ebcms5_content_tag ct,ebcms5_content_tags cts where ct.id = cts.tag_id [ RunTime:0.024101s ]
[ sql ] [ SQL ] SELECT * FROM `ebcms5_recommendcate` WHERE  `mark` = 'news_advice'  AND `status` = 1 LIMIT 1   [ RunTime:0.021277s ]
[ sql ] [ SQL ] SELECT * FROM `ebcms5_recommend` WHERE  `category_id` = 10  AND `status` = 1 ORDER BY sort desc,id desc LIMIT 5   [ RunTime:0.025825s ]
[ sql ] [ SQL ] SELECT * FROM `ebcms5_navcate` WHERE  `status` = 1  AND `mark` = 'bottom' LIMIT 1   [ RunTime:0.015958s ]
[ sql ] [ SQL ] SELECT * FROM `ebcms5_nav` WHERE  `category_id` = 2  AND `status` = 1 ORDER BY sort desc,id asc  [ RunTime:0.017930s ]
[ sql ] [ SQL ] INSERT INTO `ebcms5_tongji` (`user_id` , `title` , `url` , `ip` , `create_time`) VALUES ('0' , '新闻' , 'http://localhost/l7cms/index.php/News' , '0.0.0.0' , '1488793924')       [ RunTime:0.022625s ]

---------------------------------------------------------------
[ 2017-03-06T17:53:26+08:00 ] ::1 ::1 GET /l7cms/index.php/News/Gym%20shoes.html
[ log ] localhost/l7cms/index.php/News/Gym%20shoes.html [运行时间：0.480857s][吞吐率：2.08req/s] [内存消耗：3,523.34kb] [文件加载：60]
[ sql ] [ DB ] CONNECT:[ UseTime:0.025355s ] mysql:dbname=ebcms;host=101.200.161.146;port=3306;charset=utf8
[ sql ] [ SQL ] SELECT COUNT(*) AS tp_count FROM `ebcms5_content_content` WHERE  `category_id` = '7'  AND `status` = '1' ORDER BY sort desc,update_time desc,id desc LIMIT 1     [ RunTime:0.038144s ]
[ sql ] [ SQL ] SELECT * FROM `ebcms5_content_content` WHERE  `category_id` = '7'  AND `status` = '1' ORDER BY sort desc,update_time desc,id desc LIMIT 0,5     [ RunTime:0.028701s ]
[ sql ] [ SQL ] select ct.tag,cts.c_id from ebcms5_content_tag ct,ebcms5_content_tags cts where ct.id = cts.tag_id [ RunTime:0.043648s ]
[ sql ] [ SQL ] SELECT * FROM `ebcms5_recommendcate` WHERE  `mark` = 'news_advice'  AND `status` = 1 LIMIT 1   [ RunTime:0.032318s ]
[ sql ] [ SQL ] SELECT * FROM `ebcms5_recommend` WHERE  `category_id` = 10  AND `status` = 1 ORDER BY sort desc,id desc LIMIT 5   [ RunTime:0.027840s ]
[ sql ] [ SQL ] SELECT * FROM `ebcms5_navcate` WHERE  `status` = 1  AND `mark` = 'bottom' LIMIT 1   [ RunTime:0.043913s ]
[ sql ] [ SQL ] SELECT * FROM `ebcms5_nav` WHERE  `category_id` = 2  AND `status` = 1 ORDER BY sort desc,id asc  [ RunTime:0.037927s ]
[ sql ] [ SQL ] INSERT INTO `ebcms5_tongji` (`user_id` , `title` , `url` , `ip` , `create_time`) VALUES ('0' , '球鞋' , 'http://localhost/l7cms/index.php/News/Gym%20shoes.html' , '0.0.0.0' , '1488794005')       [ RunTime:0.033828s ]

---------------------------------------------------------------
[ 2017-03-06T17:56:17+08:00 ] ::1 ::1 GET /l7cms/index.php/News/Gym%20shoes.html
[ log ] localhost/l7cms/index.php/News/Gym%20shoes.html [运行时间：0.431183s][吞吐率：2.32req/s] [内存消耗：3,524.12kb] [文件加载：60]
[ sql ] [ DB ] CONNECT:[ UseTime:0.036882s ] mysql:dbname=ebcms;host=101.200.161.146;port=3306;charset=utf8
[ sql ] [ SQL ] SELECT COUNT(*) AS tp_count FROM `ebcms5_content_content` WHERE  `category_id` = '7'  AND `status` = '1' ORDER BY sort desc,update_time desc,id desc LIMIT 1     [ RunTime:0.038953s ]
[ sql ] [ SQL ] SELECT * FROM `ebcms5_content_content` WHERE  `category_id` = '7'  AND `status` = '1' ORDER BY sort desc,update_time desc,id desc LIMIT 0,5     [ RunTime:0.028190s ]
[ sql ] [ SQL ] select ct.tag,cts.c_id from ebcms5_content_tag ct,ebcms5_content_tags cts where ct.id = cts.tag_id [ RunTime:0.031820s ]
[ sql ] [ SQL ] SELECT * FROM `ebcms5_recommendcate` WHERE  `mark` = 'news_advice'  AND `status` = 1 LIMIT 1   [ RunTime:0.026538s ]
[ sql ] [ SQL ] SELECT * FROM `ebcms5_recommend` WHERE  `category_id` = 10  AND `status` = 1 ORDER BY sort desc,id desc LIMIT 5   [ RunTime:0.036895s ]
[ sql ] [ SQL ] SELECT * FROM `ebcms5_navcate` WHERE  `status` = 1  AND `mark` = 'bottom' LIMIT 1   [ RunTime:0.017876s ]
[ sql ] [ SQL ] SELECT * FROM `ebcms5_nav` WHERE  `category_id` = 2  AND `status` = 1 ORDER BY sort desc,id asc  [ RunTime:0.017501s ]
[ sql ] [ SQL ] INSERT INTO `ebcms5_tongji` (`user_id` , `title` , `url` , `ip` , `create_time`) VALUES ('0' , '球鞋' , 'http://localhost/l7cms/index.php/News/Gym%20shoes.html' , '0.0.0.0' , '1488794176')       [ RunTime:0.031919s ]

---------------------------------------------------------------
[ 2017-03-06T17:56:45+08:00 ] ::1 ::1 GET /l7cms/index.php/News/Gym%20shoes.html
[ log ] localhost/l7cms/index.php/News/Gym%20shoes.html [运行时间：0.839164s][吞吐率：1.19req/s] [内存消耗：3,524.06kb] [文件加载：60]
[ sql ] [ DB ] CONNECT:[ UseTime:0.019434s ] mysql:dbname=ebcms;host=101.200.161.146;port=3306;charset=utf8
[ sql ] [ SQL ] SELECT COUNT(*) AS tp_count FROM `ebcms5_content_content` WHERE  `category_id` = '7'  AND `status` = '1' ORDER BY sort desc,update_time desc,id desc LIMIT 1     [ RunTime:0.012255s ]
[ sql ] [ SQL ] SELECT * FROM `ebcms5_content_content` WHERE  `category_id` = '7'  AND `status` = '1' ORDER BY sort desc,update_time desc,id desc LIMIT 0,5     [ RunTime:0.016941s ]
[ sql ] [ SQL ] select ct.tag,cts.c_id from ebcms5_content_tag ct,ebcms5_content_tags cts where ct.id = cts.tag_id [ RunTime:0.034687s ]
[ sql ] [ SQL ] SELECT * FROM `ebcms5_recommendcate` WHERE  `mark` = 'news_advice'  AND `status` = 1 LIMIT 1   [ RunTime:0.455491s ]
[ sql ] [ SQL ] SELECT * FROM `ebcms5_recommend` WHERE  `category_id` = 10  AND `status` = 1 ORDER BY sort desc,id desc LIMIT 5   [ RunTime:0.034697s ]
[ sql ] [ SQL ] SELECT * FROM `ebcms5_navcate` WHERE  `status` = 1  AND `mark` = 'bottom' LIMIT 1   [ RunTime:0.027400s ]
[ sql ] [ SQL ] SELECT * FROM `ebcms5_nav` WHERE  `category_id` = 2  AND `status` = 1 ORDER BY sort desc,id asc  [ RunTime:0.037744s ]
[ sql ] [ SQL ] INSERT INTO `ebcms5_tongji` (`user_id` , `title` , `url` , `ip` , `create_time`) VALUES ('0' , '球鞋' , 'http://localhost/l7cms/index.php/News/Gym%20shoes.html' , '0.0.0.0' , '1488794204')       [ RunTime:0.032845s ]

---------------------------------------------------------------
[ 2017-03-06T17:56:55+08:00 ] ::1 ::1 GET /l7cms/index.php/News
[ log ] localhost/l7cms/index.php/News [运行时间：0.288221s][吞吐率：3.47req/s] [内存消耗：3,523.22kb] [文件加载：60]
[ sql ] [ DB ] CONNECT:[ UseTime:0.017269s ] mysql:dbname=ebcms;host=101.200.161.146;port=3306;charset=utf8
[ sql ] [ SQL ] SELECT COUNT(*) AS tp_count FROM `ebcms5_content_content` WHERE  `category_id` IN (7,8,9)  AND `status` = '1' ORDER BY sort desc,update_time desc,id desc LIMIT 1    [ RunTime:0.012094s ]
[ sql ] [ SQL ] SELECT * FROM `ebcms5_content_content` WHERE  `category_id` IN (7,8,9)  AND `status` = '1' ORDER BY sort desc,update_time desc,id desc LIMIT 0,5    [ RunTime:0.020305s ]
[ sql ] [ SQL ] select ct.tag,cts.c_id from ebcms5_content_tag ct,ebcms5_content_tags cts where ct.id = cts.tag_id [ RunTime:0.017748s ]
[ sql ] [ SQL ] SELECT * FROM `ebcms5_recommendcate` WHERE  `mark` = 'news_advice'  AND `status` = 1 LIMIT 1   [ RunTime:0.011698s ]
[ sql ] [ SQL ] SELECT * FROM `ebcms5_recommend` WHERE  `category_id` = 10  AND `status` = 1 ORDER BY sort desc,id desc LIMIT 5   [ RunTime:0.014057s ]
[ sql ] [ SQL ] SELECT * FROM `ebcms5_navcate` WHERE  `status` = 1  AND `mark` = 'bottom' LIMIT 1   [ RunTime:0.014954s ]
[ sql ] [ SQL ] SELECT * FROM `ebcms5_nav` WHERE  `category_id` = 2  AND `status` = 1 ORDER BY sort desc,id asc  [ RunTime:0.011967s ]
[ sql ] [ SQL ] INSERT INTO `ebcms5_tongji` (`user_id` , `title` , `url` , `ip` , `create_time`) VALUES ('0' , '新闻' , 'http://localhost/l7cms/index.php/News' , '0.0.0.0' , '1488794215')       [ RunTime:0.011575s ]

---------------------------------------------------------------
[ 2017-03-06T17:57:02+08:00 ] ::1 ::1 GET /l7cms/index.php/News/Gym%20shoes/723.html
[ log ] localhost/l7cms/index.php/News/Gym%20shoes/723.html [运行时间：0.704278s][吞吐率：1.42req/s] [内存消耗：3,853.20kb] [文件加载：61]
[ sql ] [ DB ] CONNECT:[ UseTime:0.044500s ] mysql:dbname=ebcms;host=101.200.161.146;port=3306;charset=utf8
[ sql ] [ SQL ] SELECT * FROM `ebcms5_content_content` WHERE  `id` = '723' LIMIT 1    [ RunTime:0.028254s ]
[ sql ] [ SQL ] SELECT * FROM `ebcms5_content_category` WHERE  `id` = 7 LIMIT 1   [ RunTime:0.035944s ]
[ sql ] [ SQL ] SELECT * FROM `ebcms5_content_body` WHERE  `id` = 723 LIMIT 1   [ RunTime:0.026276s ]
[ sql ] [ SQL ] SHOW COLUMNS FROM `ebcms5_content_tags` [ RunTime:0.036063s ]
[ sql ] [ SQL ] SELECT `tag_id` FROM `ebcms5_content_tags` WHERE  `c_id` = 723 LIMIT 20   [ RunTime:0.039140s ]
[ sql ] [ SQL ] SELECT `c_id` FROM `ebcms5_content_tags` WHERE  `tag_id` IN (8)  AND `c_id` <> 723 ORDER BY c_id desc LIMIT 20   [ RunTime:0.021543s ]
[ sql ] [ SQL ] SHOW COLUMNS FROM `ebcms5_content_category` [ RunTime:0.036730s ]
[ sql ] [ SQL ] SELECT content.id,content.category_id,content.title,content.shorttitle,content.metatitle,content.keywords,content.description,content.thumb,content.tpl,content.ebcms_url,content.filename,content.ext,content.click,content.user_id,content.baidu,content.comment_able,content.update_time,content.create_time,content.sort,content.status,content.locked,content.color,content.size,content.bold,content.author,content.source,content.comment_count,category.id AS category__id,category.pid AS category__pid,category.name AS category__name,category.title AS category__title,category.metatitle AS category__metatitle,category.keywords AS category__keywords,category.description AS category__description,category.extend_id AS category__extend_id,category.pagenum AS category__pagenum,category.tpl AS category__tpl,category.tpl_detail AS category__tpl_detail,category.ebcms_url AS category__ebcms_url,category.datatype AS category__datatype,category.expire AS category__expire,category.order AS category__order,category.ext AS category__ext,category.update_time AS category__update_time,category.create_time AS category__create_time,category.sort AS category__sort,category.status AS category__status,category.locked AS category__locked FROM ebcms5_content_content content INNER JOIN ebcms5_content_category category ON content.category_id=category.id  WHERE  content.id IN (721,716,714,703,698,687,685,674,671,661,660,656,654,650,644,636,629,626,625,624)  AND content.status = 1  AND category.status = 1  AND category.extend_id = 14 ORDER BY content.id desc LIMIT 20   [ RunTime:0.059075s ]
[ sql ] [ SQL ] SELECT ebcms5_content_tag.*,pivot.c_id AS pivot__c_id,pivot.tag_id AS pivot__tag_id,pivot.cc_id AS pivot__cc_id FROM `ebcms5_content_tag` INNER JOIN ebcms5_content_tags pivot ON pivot.tag_id=ebcms5_content_tag.id  WHERE  pivot.c_id = 723  [ RunTime:0.014973s ]
[ sql ] [ SQL ] SELECT * FROM `ebcms5_navcate` WHERE  `status` = 1  AND `mark` = 'bottom' LIMIT 1   [ RunTime:0.012387s ]
[ sql ] [ SQL ] SELECT * FROM `ebcms5_nav` WHERE  `category_id` = 2  AND `status` = 1 ORDER BY sort desc,id asc  [ RunTime:0.012039s ]
[ sql ] [ SQL ] INSERT INTO `ebcms5_tongji` (`user_id` , `title` , `url` , `ip` , `create_time`) VALUES ('0' , '再攀新高，疑似adidas D Rose 8 Boost开发样品爆出' , 'http://localhost/l7cms/index.php/News/Gym%20shoes/723.html' , '0.0.0.0' , '1488794221')       [ RunTime:0.017905s ]
[ sql ] [ SQL ] UPDATE `ebcms5_content_content`  SET `click`=click+1  WHERE  `id` = '723'    [ RunTime:0.018570s ]

---------------------------------------------------------------
[ 2017-03-06T17:58:40+08:00 ] ::1 ::1 GET /l7cms/index.php/News
[ log ] localhost/l7cms/index.php/News [运行时间：0.413662s][吞吐率：2.42req/s] [内存消耗：3,523.52kb] [文件加载：60]
[ sql ] [ DB ] CONNECT:[ UseTime:0.026607s ] mysql:dbname=ebcms;host=101.200.161.146;port=3306;charset=utf8
[ sql ] [ SQL ] SELECT COUNT(*) AS tp_count FROM `ebcms5_content_content` WHERE  `category_id` IN (7,8,9)  AND `status` = '1' ORDER BY sort desc,update_time desc,id desc LIMIT 1    [ RunTime:0.037379s ]
[ sql ] [ SQL ] SELECT * FROM `ebcms5_content_content` WHERE  `category_id` IN (7,8,9)  AND `status` = '1' ORDER BY sort desc,update_time desc,id desc LIMIT 0,5    [ RunTime:0.022374s ]
[ sql ] [ SQL ] select ct.tag,cts.c_id from ebcms5_content_tag ct,ebcms5_content_tags cts where ct.id = cts.tag_id [ RunTime:0.023208s ]
[ sql ] [ SQL ] SELECT * FROM `ebcms5_recommendcate` WHERE  `mark` = 'news_advice'  AND `status` = 1 LIMIT 1   [ RunTime:0.031555s ]
[ sql ] [ SQL ] SELECT * FROM `ebcms5_recommend` WHERE  `category_id` = 10  AND `status` = 1 ORDER BY sort desc,id desc LIMIT 5   [ RunTime:0.026612s ]
[ sql ] [ SQL ] SELECT * FROM `ebcms5_navcate` WHERE  `status` = 1  AND `mark` = 'bottom' LIMIT 1   [ RunTime:0.022154s ]
[ sql ] [ SQL ] SELECT * FROM `ebcms5_nav` WHERE  `category_id` = 2  AND `status` = 1 ORDER BY sort desc,id asc  [ RunTime:0.031918s ]
[ sql ] [ SQL ] INSERT INTO `ebcms5_tongji` (`user_id` , `title` , `url` , `ip` , `create_time`) VALUES ('0' , '新闻' , 'http://localhost/l7cms/index.php/News' , '0.0.0.0' , '1488794319')       [ RunTime:0.019519s ]

---------------------------------------------------------------
[ 2017-03-06T17:58:47+08:00 ] ::1 ::1 GET /l7cms/index.php/News/Gym%20shoes.html
[ log ] localhost/l7cms/index.php/News/Gym%20shoes.html [运行时间：0.379626s][吞吐率：2.63req/s] [内存消耗：3,524.05kb] [文件加载：60]
[ sql ] [ DB ] CONNECT:[ UseTime:0.032431s ] mysql:dbname=ebcms;host=101.200.161.146;port=3306;charset=utf8
[ sql ] [ SQL ] SELECT COUNT(*) AS tp_count FROM `ebcms5_content_content` WHERE  `category_id` = '7'  AND `status` = '1' ORDER BY sort desc,update_time desc,id desc LIMIT 1     [ RunTime:0.030478s ]
[ sql ] [ SQL ] SELECT * FROM `ebcms5_content_content` WHERE  `category_id` = '7'  AND `status` = '1' ORDER BY sort desc,update_time desc,id desc LIMIT 0,5     [ RunTime:0.022435s ]
[ sql ] [ SQL ] select ct.tag,cts.c_id from ebcms5_content_tag ct,ebcms5_content_tags cts where ct.id = cts.tag_id [ RunTime:0.025374s ]
[ sql ] [ SQL ] SELECT * FROM `ebcms5_recommendcate` WHERE  `mark` = 'news_advice'  AND `status` = 1 LIMIT 1   [ RunTime:0.019857s ]
[ sql ] [ SQL ] SELECT * FROM `ebcms5_recommend` WHERE  `category_id` = 10  AND `status` = 1 ORDER BY sort desc,id desc LIMIT 5   [ RunTime:0.026439s ]
[ sql ] [ SQL ] SELECT * FROM `ebcms5_navcate` WHERE  `status` = 1  AND `mark` = 'bottom' LIMIT 1   [ RunTime:0.017212s ]
[ sql ] [ SQL ] SELECT * FROM `ebcms5_nav` WHERE  `category_id` = 2  AND `status` = 1 ORDER BY sort desc,id asc  [ RunTime:0.026238s ]
[ sql ] [ SQL ] INSERT INTO `ebcms5_tongji` (`user_id` , `title` , `url` , `ip` , `create_time`) VALUES ('0' , '球鞋' , 'http://localhost/l7cms/index.php/News/Gym%20shoes.html' , '0.0.0.0' , '1488794326')       [ RunTime:0.023474s ]

---------------------------------------------------------------
[ 2017-03-06T17:59:00+08:00 ] ::1 ::1 GET /l7cms/index.php/News/Tendency.html
[ log ] localhost/l7cms/index.php/News/Tendency.html [运行时间：0.571814s][吞吐率：1.75req/s] [内存消耗：3,526.08kb] [文件加载：60]
[ sql ] [ DB ] CONNECT:[ UseTime:0.032057s ] mysql:dbname=ebcms;host=101.200.161.146;port=3306;charset=utf8
[ sql ] [ SQL ] SELECT COUNT(*) AS tp_count FROM `ebcms5_content_content` WHERE  `category_id` = '8'  AND `status` = '1' ORDER BY sort desc,update_time desc,id desc LIMIT 1     [ RunTime:0.027550s ]
[ sql ] [ SQL ] SELECT * FROM `ebcms5_content_content` WHERE  `category_id` = '8'  AND `status` = '1' ORDER BY sort desc,update_time desc,id desc LIMIT 0,5     [ RunTime:0.024908s ]
[ sql ] [ SQL ] select ct.tag,cts.c_id from ebcms5_content_tag ct,ebcms5_content_tags cts where ct.id = cts.tag_id [ RunTime:0.016809s ]
[ sql ] [ SQL ] SELECT * FROM `ebcms5_recommendcate` WHERE  `mark` = 'news_advice'  AND `status` = 1 LIMIT 1   [ RunTime:0.022302s ]
[ sql ] [ SQL ] SELECT * FROM `ebcms5_recommend` WHERE  `category_id` = 10  AND `status` = 1 ORDER BY sort desc,id desc LIMIT 5   [ RunTime:0.023148s ]
[ sql ] [ SQL ] SELECT * FROM `ebcms5_navcate` WHERE  `status` = 1  AND `mark` = 'bottom' LIMIT 1   [ RunTime:0.235911s ]
[ sql ] [ SQL ] SELECT * FROM `ebcms5_nav` WHERE  `category_id` = 2  AND `status` = 1 ORDER BY sort desc,id asc  [ RunTime:0.017820s ]
[ sql ] [ SQL ] INSERT INTO `ebcms5_tongji` (`user_id` , `title` , `url` , `ip` , `create_time`) VALUES ('0' , '潮流' , 'http://localhost/l7cms/index.php/News/Tendency.html' , '0.0.0.0' , '1488794339')       [ RunTime:0.013202s ]

---------------------------------------------------------------
[ 2017-03-06T17:59:52+08:00 ] ::1 ::1 GET /l7cms/index.php/News/Tendency.html
[ log ] localhost/l7cms/index.php/News/Tendency.html [运行时间：0.409282s][吞吐率：2.44req/s] [内存消耗：3,646.01kb] [文件加载：66]
[ sql ] [ DB ] CONNECT:[ UseTime:0.035531s ] mysql:dbname=ebcms;host=101.200.161.146;port=3306;charset=utf8
[ sql ] [ SQL ] SELECT COUNT(*) AS tp_count FROM `ebcms5_content_content` WHERE  `category_id` = '8'  AND `status` = '1' ORDER BY sort desc,update_time desc,id desc LIMIT 1     [ RunTime:0.025127s ]
[ sql ] [ SQL ] SELECT * FROM `ebcms5_content_content` WHERE  `category_id` = '8'  AND `status` = '1' ORDER BY sort desc,update_time desc,id desc LIMIT 0,5     [ RunTime:0.023772s ]
[ sql ] [ SQL ] select ct.tag,cts.c_id from ebcms5_content_tag ct,ebcms5_content_tags cts where ct.id = cts.tag_id [ RunTime:0.024185s ]
[ sql ] [ SQL ] SELECT * FROM `ebcms5_recommendcate` WHERE  `mark` = 'news_advice'  AND `status` = 1 LIMIT 1   [ RunTime:0.020921s ]
[ sql ] [ SQL ] SELECT * FROM `ebcms5_recommend` WHERE  `category_id` = 10  AND `status` = 1 ORDER BY sort desc,id desc LIMIT 5   [ RunTime:0.025618s ]
[ sql ] [ SQL ] SELECT * FROM `ebcms5_navcate` WHERE  `status` = 1  AND `mark` = 'bottom' LIMIT 1   [ RunTime:0.018164s ]
[ sql ] [ SQL ] SELECT * FROM `ebcms5_nav` WHERE  `category_id` = 2  AND `status` = 1 ORDER BY sort desc,id asc  [ RunTime:0.017899s ]
[ sql ] [ SQL ] INSERT INTO `ebcms5_tongji` (`user_id` , `title` , `url` , `ip` , `create_time`) VALUES ('0' , '潮流' , 'http://localhost/l7cms/index.php/News/Tendency.html' , '0.0.0.0' , '1488794392')       [ RunTime:0.022203s ]
[ error ] [2]session_start(): Cannot send session cache limiter - headers already sent (output started at E:\workspace-php\l7cms\application\index\controller\Content.php:77)

---------------------------------------------------------------
[ 2017-03-06T18:01:42+08:00 ] ::1 ::1 GET /l7cms/index.php/News/Tendency.html
[ log ] localhost/l7cms/index.php/News/Tendency.html [运行时间：0.351787s][吞吐率：2.84req/s] [内存消耗：3,526.16kb] [文件加载：60]
[ sql ] [ DB ] CONNECT:[ UseTime:0.031353s ] mysql:dbname=ebcms;host=101.200.161.146;port=3306;charset=utf8
[ sql ] [ SQL ] SELECT COUNT(*) AS tp_count FROM `ebcms5_content_content` WHERE  `category_id` = '8'  AND `status` = '1' ORDER BY sort desc,update_time desc,id desc LIMIT 1     [ RunTime:0.018990s ]
[ sql ] [ SQL ] SELECT * FROM `ebcms5_content_content` WHERE  `category_id` = '8'  AND `status` = '1' ORDER BY sort desc,update_time desc,id desc LIMIT 0,5     [ RunTime:0.018107s ]
[ sql ] [ SQL ] select ct.tag,cts.c_id from ebcms5_content_tag ct,ebcms5_content_tags cts where ct.id = cts.tag_id [ RunTime:0.023378s ]
[ sql ] [ SQL ] SELECT * FROM `ebcms5_recommendcate` WHERE  `mark` = 'news_advice'  AND `status` = 1 LIMIT 1   [ RunTime:0.023715s ]
[ sql ] [ SQL ] SELECT * FROM `ebcms5_recommend` WHERE  `category_id` = 10  AND `status` = 1 ORDER BY sort desc,id desc LIMIT 5   [ RunTime:0.016810s ]
[ sql ] [ SQL ] SELECT * FROM `ebcms5_navcate` WHERE  `status` = 1  AND `mark` = 'bottom' LIMIT 1   [ RunTime:0.017432s ]
[ sql ] [ SQL ] SELECT * FROM `ebcms5_nav` WHERE  `category_id` = 2  AND `status` = 1 ORDER BY sort desc,id asc  [ RunTime:0.018201s ]
[ sql ] [ SQL ] INSERT INTO `ebcms5_tongji` (`user_id` , `title` , `url` , `ip` , `create_time`) VALUES ('0' , '潮流' , 'http://localhost/l7cms/index.php/News/Tendency.html' , '0.0.0.0' , '1488794501')       [ RunTime:0.022970s ]

---------------------------------------------------------------
[ 2017-03-06T18:02:08+08:00 ] ::1 ::1 GET /l7cms/index.php/News/Tendency.html
[ log ] localhost/l7cms/index.php/News/Tendency.html [运行时间：0.337918s][吞吐率：2.96req/s] [内存消耗：3,526.11kb] [文件加载：60]
[ sql ] [ DB ] CONNECT:[ UseTime:0.025989s ] mysql:dbname=ebcms;host=101.200.161.146;port=3306;charset=utf8
[ sql ] [ SQL ] SELECT COUNT(*) AS tp_count FROM `ebcms5_content_content` WHERE  `category_id` = '8'  AND `status` = '1' ORDER BY sort desc,update_time desc,id desc LIMIT 1     [ RunTime:0.017995s ]
[ sql ] [ SQL ] SELECT * FROM `ebcms5_content_content` WHERE  `category_id` = '8'  AND `status` = '1' ORDER BY sort desc,update_time desc,id desc LIMIT 0,5     [ RunTime:0.019976s ]
[ sql ] [ SQL ] select ct.tag,cts.c_id from ebcms5_content_tag ct,ebcms5_content_tags cts where ct.id = cts.tag_id [ RunTime:0.021029s ]
[ sql ] [ SQL ] SELECT * FROM `ebcms5_recommendcate` WHERE  `mark` = 'news_advice'  AND `status` = 1 LIMIT 1   [ RunTime:0.015459s ]
[ sql ] [ SQL ] SELECT * FROM `ebcms5_recommend` WHERE  `category_id` = 10  AND `status` = 1 ORDER BY sort desc,id desc LIMIT 5   [ RunTime:0.026060s ]
[ sql ] [ SQL ] SELECT * FROM `ebcms5_navcate` WHERE  `status` = 1  AND `mark` = 'bottom' LIMIT 1   [ RunTime:0.017730s ]
[ sql ] [ SQL ] SELECT * FROM `ebcms5_nav` WHERE  `category_id` = 2  AND `status` = 1 ORDER BY sort desc,id asc  [ RunTime:0.018605s ]
[ sql ] [ SQL ] INSERT INTO `ebcms5_tongji` (`user_id` , `title` , `url` , `ip` , `create_time`) VALUES ('0' , '潮流' , 'http://localhost/l7cms/index.php/News/Tendency.html' , '0.0.0.0' , '1488794528')       [ RunTime:0.022144s ]

---------------------------------------------------------------
[ 2017-03-06T18:02:12+08:00 ] ::1 ::1 GET /l7cms/index.php/News/Life.html
[ log ] localhost/l7cms/index.php/News/Life.html [运行时间：0.314910s][吞吐率：3.18req/s] [内存消耗：3,522.04kb] [文件加载：60]
[ sql ] [ DB ] CONNECT:[ UseTime:0.023510s ] mysql:dbname=ebcms;host=101.200.161.146;port=3306;charset=utf8
[ sql ] [ SQL ] SELECT COUNT(*) AS tp_count FROM `ebcms5_content_content` WHERE  `category_id` = '9'  AND `status` = '1' ORDER BY sort desc,update_time desc,id desc LIMIT 1     [ RunTime:0.012804s ]
[ sql ] [ SQL ] SELECT * FROM `ebcms5_content_content` WHERE  `category_id` = '9'  AND `status` = '1' ORDER BY sort desc,update_time desc,id desc LIMIT 0,5     [ RunTime:0.013046s ]
[ sql ] [ SQL ] select ct.tag,cts.c_id from ebcms5_content_tag ct,ebcms5_content_tags cts where ct.id = cts.tag_id [ RunTime:0.020457s ]
[ sql ] [ SQL ] SELECT * FROM `ebcms5_recommendcate` WHERE  `mark` = 'news_advice'  AND `status` = 1 LIMIT 1   [ RunTime:0.015082s ]
[ sql ] [ SQL ] SELECT * FROM `ebcms5_recommend` WHERE  `category_id` = 10  AND `status` = 1 ORDER BY sort desc,id desc LIMIT 5   [ RunTime:0.026805s ]
[ sql ] [ SQL ] SELECT * FROM `ebcms5_navcate` WHERE  `status` = 1  AND `mark` = 'bottom' LIMIT 1   [ RunTime:0.017731s ]
[ sql ] [ SQL ] SELECT * FROM `ebcms5_nav` WHERE  `category_id` = 2  AND `status` = 1 ORDER BY sort desc,id asc  [ RunTime:0.016833s ]
[ sql ] [ SQL ] INSERT INTO `ebcms5_tongji` (`user_id` , `title` , `url` , `ip` , `create_time`) VALUES ('0' , '生活' , 'http://localhost/l7cms/index.php/News/Life.html' , '0.0.0.0' , '1488794531')       [ RunTime:0.024180s ]

---------------------------------------------------------------
[ 2017-03-06T18:02:14+08:00 ] ::1 ::1 GET /l7cms/index.php/news.html
[ log ] localhost/l7cms/index.php/news.html [运行时间：0.362380s][吞吐率：2.76req/s] [内存消耗：3,523.94kb] [文件加载：60]
[ sql ] [ DB ] CONNECT:[ UseTime:0.033920s ] mysql:dbname=ebcms;host=101.200.161.146;port=3306;charset=utf8
[ sql ] [ SQL ] SELECT COUNT(*) AS tp_count FROM `ebcms5_content_content` WHERE  `category_id` IN (7,8,9)  AND `status` = '1' ORDER BY sort desc,update_time desc,id desc LIMIT 1    [ RunTime:0.017613s ]
[ sql ] [ SQL ] SELECT * FROM `ebcms5_content_content` WHERE  `category_id` IN (7,8,9)  AND `status` = '1' ORDER BY sort desc,update_time desc,id desc LIMIT 0,5    [ RunTime:0.027702s ]
[ sql ] [ SQL ] select ct.tag,cts.c_id from ebcms5_content_tag ct,ebcms5_content_tags cts where ct.id = cts.tag_id [ RunTime:0.024729s ]
[ sql ] [ SQL ] SELECT * FROM `ebcms5_recommendcate` WHERE  `mark` = 'news_advice'  AND `status` = 1 LIMIT 1   [ RunTime:0.016635s ]
[ sql ] [ SQL ] SELECT * FROM `ebcms5_recommend` WHERE  `category_id` = 10  AND `status` = 1 ORDER BY sort desc,id desc LIMIT 5   [ RunTime:0.025353s ]
[ sql ] [ SQL ] SELECT * FROM `ebcms5_navcate` WHERE  `status` = 1  AND `mark` = 'bottom' LIMIT 1   [ RunTime:0.023250s ]
[ sql ] [ SQL ] SELECT * FROM `ebcms5_nav` WHERE  `category_id` = 2  AND `status` = 1 ORDER BY sort desc,id asc  [ RunTime:0.018418s ]
[ sql ] [ SQL ] INSERT INTO `ebcms5_tongji` (`user_id` , `title` , `url` , `ip` , `create_time`) VALUES ('0' , '新闻' , 'http://localhost/l7cms/index.php/news.html' , '0.0.0.0' , '1488794534')       [ RunTime:0.022157s ]

---------------------------------------------------------------
[ 2017-03-06T18:17:53+08:00 ] ::1 ::1 GET /l7cms/index.php/
[ log ] localhost/l7cms/index.php/ [运行时间：0.768464s][吞吐率：1.30req/s] [内存消耗：3,502.70kb] [文件加载：64]
[ sql ] [ DB ] CONNECT:[ UseTime:0.054603s ] mysql:dbname=ebcms;host=101.200.161.146;port=3306;charset=utf8
[ sql ] [ SQL ] SELECT * FROM `ebcms5_recommendcate` WHERE  `mark` = 'index_top_advice'  AND `status` = 1 LIMIT 1   [ RunTime:0.028413s ]
[ sql ] [ SQL ] SELECT * FROM `ebcms5_recommend` WHERE  `category_id` = 12  AND `status` = 1 ORDER BY sort desc,id desc LIMIT 1   [ RunTime:0.036753s ]
[ sql ] [ SQL ] SELECT * FROM `ebcms5_recommendcate` WHERE  `mark` = 'index_big_news'  AND `status` = 1 LIMIT 1   [ RunTime:0.041065s ]
[ sql ] [ SQL ] SELECT * FROM `ebcms5_recommend` WHERE  `category_id` = 8  AND `status` = 1 ORDER BY sort desc,id desc LIMIT 1   [ RunTime:0.029441s ]
[ sql ] [ SQL ] SELECT * FROM `ebcms5_recommendcate` WHERE  `mark` = 'index_slide'  AND `status` = 1 LIMIT 1   [ RunTime:0.019661s ]
[ sql ] [ SQL ] SELECT * FROM `ebcms5_recommend` WHERE  `category_id` = 2  AND `status` = 1 ORDER BY sort desc,id desc LIMIT 4   [ RunTime:0.018833s ]
[ sql ] [ SQL ] SELECT * FROM `ebcms5_recommendcate` WHERE  `mark` = 'index_special'  AND `status` = 1 LIMIT 1   [ RunTime:0.019231s ]
[ sql ] [ SQL ] SELECT * FROM `ebcms5_recommend` WHERE  `category_id` = 4  AND `status` = 1 ORDER BY sort desc,id desc  [ RunTime:0.054431s ]
[ sql ] [ SQL ] SELECT * FROM `ebcms5_recommendcate` WHERE  `mark` = 'index_video_selection'  AND `status` = 1 LIMIT 1   [ RunTime:0.031015s ]
[ sql ] [ SQL ] SELECT * FROM `ebcms5_recommend` WHERE  `category_id` = 6  AND `status` = 1 ORDER BY sort desc LIMIT 3   [ RunTime:0.034373s ]
[ sql ] [ SQL ] SELECT * FROM `ebcms5_recommendcate` WHERE  `mark` = 'index_digger'  AND `status` = 1 LIMIT 1   [ RunTime:0.027616s ]
[ sql ] [ SQL ] SELECT * FROM `ebcms5_recommend` WHERE  `category_id` = 9  AND `status` = 1 ORDER BY sort desc,id desc LIMIT 1   [ RunTime:0.033192s ]
[ sql ] [ SQL ] SELECT * FROM `ebcms5_recommendcate` WHERE  `mark` = 'index_chaijie_pingce'  AND `status` = 1 LIMIT 1   [ RunTime:0.021330s ]
[ sql ] [ SQL ] SELECT * FROM `ebcms5_recommend` WHERE  `category_id` = 7  AND `status` = 1 ORDER BY sort desc,id desc LIMIT 3   [ RunTime:0.028906s ]
[ sql ] [ SQL ] SELECT * FROM `ebcms5_navcate` WHERE  `status` = 1  AND `mark` = 'bottom' LIMIT 1   [ RunTime:0.031221s ]
[ sql ] [ SQL ] SELECT * FROM `ebcms5_nav` WHERE  `category_id` = 2  AND `status` = 1 ORDER BY sort desc,id asc  [ RunTime:0.030196s ]
[ sql ] [ SQL ] INSERT INTO `ebcms5_tongji` (`user_id` , `title` , `url` , `ip` , `create_time`) VALUES ('0' , '首页' , 'http://localhost/l7cms/index.php/' , '0.0.0.0' , '1488795472')       [ RunTime:0.020168s ]
[ error ] [8]未定义变量: category
[ error ] [8]未定义变量: category
[ error ] [8]未定义变量: category
[ error ] [8]未定义变量: category
[ error ] [8]未定义变量: category
[ error ] [8]未定义变量: category
[ error ] [8]未定义变量: category
[ error ] [8]未定义变量: category
[ error ] [8]未定义变量: category
[ error ] [8]未定义变量: category
[ error ] [8]未定义变量: category
[ error ] [8]未定义变量: category
[ error ] [8]未定义变量: category
[ error ] [8]未定义变量: category

---------------------------------------------------------------
[ 2017-03-06T18:18:09+08:00 ] ::1 ::1 GET /l7cms/index.php/News
[ log ] localhost/l7cms/index.php/News [运行时间：0.469854s][吞吐率：2.13req/s] [内存消耗：3,833.27kb] [文件加载：64]
[ sql ] [ DB ] CONNECT:[ UseTime:0.044165s ] mysql:dbname=ebcms;host=101.200.161.146;port=3306;charset=utf8
[ sql ] [ SQL ] SELECT COUNT(*) AS tp_count FROM `ebcms5_content_content` WHERE  `category_id` IN (7,8,9)  AND `status` = '1' ORDER BY sort desc,update_time desc,id desc LIMIT 1    [ RunTime:0.024317s ]
[ sql ] [ SQL ] SELECT * FROM `ebcms5_content_content` WHERE  `category_id` IN (7,8,9)  AND `status` = '1' ORDER BY sort desc,update_time desc,id desc LIMIT 0,5    [ RunTime:0.038485s ]
[ sql ] [ SQL ] select ct.tag,cts.c_id from ebcms5_content_tag ct,ebcms5_content_tags cts where ct.id = cts.tag_id [ RunTime:0.031151s ]
[ sql ] [ SQL ] SELECT * FROM `ebcms5_recommendcate` WHERE  `mark` = 'news_advice'  AND `status` = 1 LIMIT 1   [ RunTime:0.025056s ]
[ sql ] [ SQL ] SELECT * FROM `ebcms5_recommend` WHERE  `category_id` = 10  AND `status` = 1 ORDER BY sort desc,id desc LIMIT 5   [ RunTime:0.033697s ]
[ sql ] [ SQL ] SELECT * FROM `ebcms5_navcate` WHERE  `status` = 1  AND `mark` = 'bottom' LIMIT 1   [ RunTime:0.036073s ]
[ sql ] [ SQL ] SELECT * FROM `ebcms5_nav` WHERE  `category_id` = 2  AND `status` = 1 ORDER BY sort desc,id asc  [ RunTime:0.027665s ]
[ sql ] [ SQL ] INSERT INTO `ebcms5_tongji` (`user_id` , `title` , `url` , `ip` , `create_time`) VALUES ('0' , '新闻' , 'http://localhost/l7cms/index.php/News' , '0.0.0.0' , '1488795488')       [ RunTime:0.028210s ]

---------------------------------------------------------------
[ 2017-03-06T18:18:27+08:00 ] ::1 ::1 GET /l7cms/index.php/News
[ log ] localhost/l7cms/index.php/News [运行时间：0.431335s][吞吐率：2.32req/s] [内存消耗：3,522.91kb] [文件加载：60]
[ sql ] [ DB ] CONNECT:[ UseTime:0.033155s ] mysql:dbname=ebcms;host=101.200.161.146;port=3306;charset=utf8
[ sql ] [ SQL ] SELECT COUNT(*) AS tp_count FROM `ebcms5_content_content` WHERE  `category_id` IN (7,8,9)  AND `status` = '1' ORDER BY sort desc,update_time desc,id desc LIMIT 1    [ RunTime:0.033612s ]
[ sql ] [ SQL ] SELECT * FROM `ebcms5_content_content` WHERE  `category_id` IN (7,8,9)  AND `status` = '1' ORDER BY sort desc,update_time desc,id desc LIMIT 0,5    [ RunTime:0.026956s ]
[ sql ] [ SQL ] select ct.tag,cts.c_id from ebcms5_content_tag ct,ebcms5_content_tags cts where ct.id = cts.tag_id [ RunTime:0.021949s ]
[ sql ] [ SQL ] SELECT * FROM `ebcms5_recommendcate` WHERE  `mark` = 'news_advice'  AND `status` = 1 LIMIT 1   [ RunTime:0.023338s ]
[ sql ] [ SQL ] SELECT * FROM `ebcms5_recommend` WHERE  `category_id` = 10  AND `status` = 1 ORDER BY sort desc,id desc LIMIT 5   [ RunTime:0.027403s ]
[ sql ] [ SQL ] SELECT * FROM `ebcms5_navcate` WHERE  `status` = 1  AND `mark` = 'bottom' LIMIT 1   [ RunTime:0.032751s ]
[ sql ] [ SQL ] SELECT * FROM `ebcms5_nav` WHERE  `category_id` = 2  AND `status` = 1 ORDER BY sort desc,id asc  [ RunTime:0.038189s ]
[ sql ] [ SQL ] INSERT INTO `ebcms5_tongji` (`user_id` , `title` , `url` , `ip` , `create_time`) VALUES ('0' , '新闻' , 'http://localhost/l7cms/index.php/News' , '0.0.0.0' , '1488795506')       [ RunTime:0.031282s ]

---------------------------------------------------------------
[ 2017-03-06T18:18:31+08:00 ] ::1 ::1 GET /l7cms/index.php/News/Tendency.html
[ log ] localhost/l7cms/index.php/News/Tendency.html [运行时间：0.423092s][吞吐率：2.36req/s] [内存消耗：3,525.36kb] [文件加载：60]
[ sql ] [ DB ] CONNECT:[ UseTime:0.045183s ] mysql:dbname=ebcms;host=101.200.161.146;port=3306;charset=utf8
[ sql ] [ SQL ] SELECT COUNT(*) AS tp_count FROM `ebcms5_content_content` WHERE  `category_id` = '8'  AND `status` = '1' ORDER BY sort desc,update_time desc,id desc LIMIT 1     [ RunTime:0.027339s ]
[ sql ] [ SQL ] SELECT * FROM `ebcms5_content_content` WHERE  `category_id` = '8'  AND `status` = '1' ORDER BY sort desc,update_time desc,id desc LIMIT 0,5     [ RunTime:0.020424s ]
[ sql ] [ SQL ] select ct.tag,cts.c_id from ebcms5_content_tag ct,ebcms5_content_tags cts where ct.id = cts.tag_id [ RunTime:0.031112s ]
[ sql ] [ SQL ] SELECT * FROM `ebcms5_recommendcate` WHERE  `mark` = 'news_advice'  AND `status` = 1 LIMIT 1   [ RunTime:0.033042s ]
[ sql ] [ SQL ] SELECT * FROM `ebcms5_recommend` WHERE  `category_id` = 10  AND `status` = 1 ORDER BY sort desc,id desc LIMIT 5   [ RunTime:0.026099s ]
[ sql ] [ SQL ] SELECT * FROM `ebcms5_navcate` WHERE  `status` = 1  AND `mark` = 'bottom' LIMIT 1   [ RunTime:0.026435s ]
[ sql ] [ SQL ] SELECT * FROM `ebcms5_nav` WHERE  `category_id` = 2  AND `status` = 1 ORDER BY sort desc,id asc  [ RunTime:0.027232s ]
[ sql ] [ SQL ] INSERT INTO `ebcms5_tongji` (`user_id` , `title` , `url` , `ip` , `create_time`) VALUES ('0' , '潮流' , 'http://localhost/l7cms/index.php/News/Tendency.html' , '0.0.0.0' , '1488795510')       [ RunTime:0.028444s ]

---------------------------------------------------------------
[ 2017-03-06T18:18:38+08:00 ] ::1 ::1 GET /l7cms/index.php/News/Tendency/718.html
[ log ] localhost/l7cms/index.php/News/Tendency/718.html [运行时间：0.308217s][吞吐率：3.24req/s] [内存消耗：3,480.23kb] [文件加载：59]
[ sql ] [ DB ] CONNECT:[ UseTime:0.028675s ] mysql:dbname=ebcms;host=101.200.161.146;port=3306;charset=utf8
[ sql ] [ SQL ] SELECT * FROM `ebcms5_content_content` WHERE  `id` = '718' LIMIT 1    [ RunTime:0.015776s ]
[ sql ] [ SQL ] SELECT * FROM `ebcms5_content_category` WHERE  `id` = 8 LIMIT 1   [ RunTime:0.013741s ]
[ sql ] [ SQL ] SELECT * FROM `ebcms5_content_body` WHERE  `id` = 718 LIMIT 1   [ RunTime:0.010636s ]
[ sql ] [ SQL ] SHOW COLUMNS FROM `ebcms5_content_tags` [ RunTime:0.015276s ]
[ sql ] [ SQL ] SELECT `tag_id` FROM `ebcms5_content_tags` WHERE  `c_id` = 718 LIMIT 20   [ RunTime:0.025330s ]
[ sql ] [ SQL ] SELECT `tag_id` FROM `ebcms5_content_tags` WHERE  `c_id` = 718 LIMIT 20   [ RunTime:0.014948s ]
[ sql ] [ SQL ] SELECT * FROM `ebcms5_navcate` WHERE  `status` = 1  AND `mark` = 'bottom' LIMIT 1   [ RunTime:0.011958s ]
[ sql ] [ SQL ] SELECT * FROM `ebcms5_nav` WHERE  `category_id` = 2  AND `status` = 1 ORDER BY sort desc,id asc  [ RunTime:0.013358s ]
[ sql ] [ SQL ] INSERT INTO `ebcms5_tongji` (`user_id` , `title` , `url` , `ip` , `create_time`) VALUES ('0' , '强强联合,VLONE x Fragment Design' , 'http://localhost/l7cms/index.php/News/Tendency/718.html' , '0.0.0.0' , '1488795517')       [ RunTime:0.010785s ]
[ sql ] [ SQL ] UPDATE `ebcms5_content_content`  SET `click`=click+1  WHERE  `id` = '718'    [ RunTime:0.010469s ]

---------------------------------------------------------------
