[ 2017-03-21T17:31:52+08:00 ] ::1 ::1 GET /l7cms/index.php/index/wxOauth2?code=021SG3cg290ruE0NyMcg28g4cg2SG3cW&state=STATE
[ log ] localhost/l7cms/index.php/index/wxOauth2?code=021SG3cg290ruE0NyMcg28g4cg2SG3cW&state=STATE [运行时间：0.063338s][吞吐率：15.79req/s] [内存消耗：1,348.86kb] [文件加载：31]
[ info ] [ CACHE ] INIT File:array (
  'type' => 'File',
  'path' => 'E:\\workspace-php\\l7cms\\runtime\\cache\\',
  'prefix' => '',
  'expire' => 0,
)
[ info ] [ ROUTE ] array (
  'type' => 'module',
  'module' => 
  array (
    0 => 'index',
    1 => 'wxOauth2',
    2 => NULL,
  ),
)
[ info ] [ HEADER ] array (
  'host' => 'localhost',
  'connection' => 'keep-alive',
  'cache-control' => 'max-age=0',
  'upgrade-insecure-requests' => '1',
  'user-agent' => 'Mozilla/5.0 (Windows NT 10.0; WOW64) AppleWebKit/537.36 (KHTML, like Gecko) Chrome/51.0.2704.63 Safari/537.36',
  'accept' => 'text/html,application/xhtml+xml,application/xml;q=0.9,image/webp,*/*;q=0.8',
  'accept-encoding' => 'gzip, deflate, sdch',
  'accept-language' => 'zh-CN,zh;q=0.8',
  'cookie' => 'AJSTAT_ok_times=1; a4883_times=1; bdshare_firstime=1465982800918; pgv_pvi=6812175360; Hm_lvt_7b43330a4da4a6f4353e553988ee8a62=1476788401; CNZZDATA1000200717=565765623-1467944709-%7C1479695857; MEIQIA_EXTRA_TRACK_ID=de632e18b2e111e69cb5020af009bdc2; CNZZDATA1259010002=1747616501-1478332169-%7C1480566561; Hm_lvt_ed8ac418ac5e06a8c76d9a39d00132c8=1489722888; PHPSESSID=3t6r5k0cqilsmf6sk8tnm72bo1; 3973856a85e2de67a45ef4dc37fbebef_think_var=zh-cn',
)
[ info ] [ PARAM ] array (
  'code' => '021SG3cg290ruE0NyMcg28g4cg2SG3cW',
  'state' => 'STATE',
)
[ info ] [ LANG ] E:\workspace-php\l7cms\thinkphp\lang\zh-cn.php
[ info ] [ LOG ] INIT File: array (
  'path' => 'E:\\workspace-php\\l7cms\\runtime\\log\\',
  'level' => 
  array (
  ),
)

---------------------------------------------------------------
[ 2017-03-21T17:33:05+08:00 ] ::1 ::1 GET /l7cms/index.php/index/wxOauth2?code=021SG3cg290ruE0NyMcg28g4cg2SG3cW&state=STATE
[ log ] localhost/l7cms/index.php/index/wxOauth2?code=021SG3cg290ruE0NyMcg28g4cg2SG3cW&state=STATE [运行时间：0.041530s][吞吐率：24.08req/s] [内存消耗：1,348.84kb] [文件加载：31]
[ info ] [ CACHE ] INIT File:array (
  'type' => 'File',
  'path' => 'E:\\workspace-php\\l7cms\\runtime\\cache\\',
  'prefix' => '',
  'expire' => 0,
)
[ info ] [ ROUTE ] array (
  'type' => 'module',
  'module' => 
  array (
    0 => 'index',
    1 => 'wxOauth2',
    2 => NULL,
  ),
)
[ info ] [ HEADER ] array (
  'host' => 'localhost',
  'connection' => 'keep-alive',
  'cache-control' => 'max-age=0',
  'upgrade-insecure-requests' => '1',
  'user-agent' => 'Mozilla/5.0 (Windows NT 10.0; WOW64) AppleWebKit/537.36 (KHTML, like Gecko) Chrome/51.0.2704.63 Safari/537.36',
  'accept' => 'text/html,application/xhtml+xml,application/xml;q=0.9,image/webp,*/*;q=0.8',
  'accept-encoding' => 'gzip, deflate, sdch',
  'accept-language' => 'zh-CN,zh;q=0.8',
  'cookie' => 'AJSTAT_ok_times=1; a4883_times=1; bdshare_firstime=1465982800918; pgv_pvi=6812175360; Hm_lvt_7b43330a4da4a6f4353e553988ee8a62=1476788401; CNZZDATA1000200717=565765623-1467944709-%7C1479695857; MEIQIA_EXTRA_TRACK_ID=de632e18b2e111e69cb5020af009bdc2; CNZZDATA1259010002=1747616501-1478332169-%7C1480566561; Hm_lvt_ed8ac418ac5e06a8c76d9a39d00132c8=1489722888; PHPSESSID=3t6r5k0cqilsmf6sk8tnm72bo1; 3973856a85e2de67a45ef4dc37fbebef_think_var=zh-cn',
)
[ info ] [ PARAM ] array (
  'code' => '021SG3cg290ruE0NyMcg28g4cg2SG3cW',
  'state' => 'STATE',
)
[ info ] [ LANG ] E:\workspace-php\l7cms\thinkphp\lang\zh-cn.php
[ info ] [ LOG ] INIT File: array (
  'path' => 'E:\\workspace-php\\l7cms\\runtime\\log\\',
  'level' => 
  array (
  ),
)

---------------------------------------------------------------
[ 2017-03-21T17:33:06+08:00 ] ::1 ::1 GET /l7cms/index.php/index/wxOauth2?code=021SG3cg290ruE0NyMcg28g4cg2SG3cW&state=STATE
[ log ] localhost/l7cms/index.php/index/wxOauth2?code=021SG3cg290ruE0NyMcg28g4cg2SG3cW&state=STATE [运行时间：0.031319s][吞吐率：31.93req/s] [内存消耗：1,348.84kb] [文件加载：31]
[ info ] [ CACHE ] INIT File:array (
  'type' => 'File',
  'path' => 'E:\\workspace-php\\l7cms\\runtime\\cache\\',
  'prefix' => '',
  'expire' => 0,
)
[ info ] [ ROUTE ] array (
  'type' => 'module',
  'module' => 
  array (
    0 => 'index',
    1 => 'wxOauth2',
    2 => NULL,
  ),
)
[ info ] [ HEADER ] array (
  'host' => 'localhost',
  'connection' => 'keep-alive',
  'cache-control' => 'max-age=0',
  'upgrade-insecure-requests' => '1',
  'user-agent' => 'Mozilla/5.0 (Windows NT 10.0; WOW64) AppleWebKit/537.36 (KHTML, like Gecko) Chrome/51.0.2704.63 Safari/537.36',
  'accept' => 'text/html,application/xhtml+xml,application/xml;q=0.9,image/webp,*/*;q=0.8',
  'accept-encoding' => 'gzip, deflate, sdch',
  'accept-language' => 'zh-CN,zh;q=0.8',
  'cookie' => 'AJSTAT_ok_times=1; a4883_times=1; bdshare_firstime=1465982800918; pgv_pvi=6812175360; Hm_lvt_7b43330a4da4a6f4353e553988ee8a62=1476788401; CNZZDATA1000200717=565765623-1467944709-%7C1479695857; MEIQIA_EXTRA_TRACK_ID=de632e18b2e111e69cb5020af009bdc2; CNZZDATA1259010002=1747616501-1478332169-%7C1480566561; Hm_lvt_ed8ac418ac5e06a8c76d9a39d00132c8=1489722888; PHPSESSID=3t6r5k0cqilsmf6sk8tnm72bo1; 3973856a85e2de67a45ef4dc37fbebef_think_var=zh-cn',
)
[ info ] [ PARAM ] array (
  'code' => '021SG3cg290ruE0NyMcg28g4cg2SG3cW',
  'state' => 'STATE',
)
[ info ] [ LANG ] E:\workspace-php\l7cms\thinkphp\lang\zh-cn.php
[ info ] [ LOG ] INIT File: array (
  'path' => 'E:\\workspace-php\\l7cms\\runtime\\log\\',
  'level' => 
  array (
  ),
)

---------------------------------------------------------------
[ 2017-03-21T17:33:06+08:00 ] ::1 ::1 GET /l7cms/index.php/index/wxOauth2?code=021SG3cg290ruE0NyMcg28g4cg2SG3cW&state=STATE
[ log ] localhost/l7cms/index.php/index/wxOauth2?code=021SG3cg290ruE0NyMcg28g4cg2SG3cW&state=STATE [运行时间：0.034547s][吞吐率：28.95req/s] [内存消耗：1,348.84kb] [文件加载：31]
[ info ] [ CACHE ] INIT File:array (
  'type' => 'File',
  'path' => 'E:\\workspace-php\\l7cms\\runtime\\cache\\',
  'prefix' => '',
  'expire' => 0,
)
[ info ] [ ROUTE ] array (
  'type' => 'module',
  'module' => 
  array (
    0 => 'index',
    1 => 'wxOauth2',
    2 => NULL,
  ),
)
[ info ] [ HEADER ] array (
  'host' => 'localhost',
  'connection' => 'keep-alive',
  'cache-control' => 'max-age=0',
  'upgrade-insecure-requests' => '1',
  'user-agent' => 'Mozilla/5.0 (Windows NT 10.0; WOW64) AppleWebKit/537.36 (KHTML, like Gecko) Chrome/51.0.2704.63 Safari/537.36',
  'accept' => 'text/html,application/xhtml+xml,application/xml;q=0.9,image/webp,*/*;q=0.8',
  'accept-encoding' => 'gzip, deflate, sdch',
  'accept-language' => 'zh-CN,zh;q=0.8',
  'cookie' => 'AJSTAT_ok_times=1; a4883_times=1; bdshare_firstime=1465982800918; pgv_pvi=6812175360; Hm_lvt_7b43330a4da4a6f4353e553988ee8a62=1476788401; CNZZDATA1000200717=565765623-1467944709-%7C1479695857; MEIQIA_EXTRA_TRACK_ID=de632e18b2e111e69cb5020af009bdc2; CNZZDATA1259010002=1747616501-1478332169-%7C1480566561; Hm_lvt_ed8ac418ac5e06a8c76d9a39d00132c8=1489722888; PHPSESSID=3t6r5k0cqilsmf6sk8tnm72bo1; 3973856a85e2de67a45ef4dc37fbebef_think_var=zh-cn',
)
[ info ] [ PARAM ] array (
  'code' => '021SG3cg290ruE0NyMcg28g4cg2SG3cW',
  'state' => 'STATE',
)
[ info ] [ LANG ] E:\workspace-php\l7cms\thinkphp\lang\zh-cn.php
[ info ] [ LOG ] INIT File: array (
  'path' => 'E:\\workspace-php\\l7cms\\runtime\\log\\',
  'level' => 
  array (
  ),
)

---------------------------------------------------------------
[ 2017-03-21T17:33:22+08:00 ] ::1 ::1 GET /l7cms/index.php/index/Auth/wxOauth2?code=021SG3cg290ruE0NyMcg28g4cg2SG3cW&state=STATE
[ log ] localhost/l7cms/index.php/index/Auth/wxOauth2?code=021SG3cg290ruE0NyMcg28g4cg2SG3cW&state=STATE [运行时间：0.261398s][吞吐率：3.83req/s] [内存消耗：1,628.96kb] [文件加载：32]
[ info ] [ CACHE ] INIT File:array (
  'type' => 'File',
  'path' => 'E:\\workspace-php\\l7cms\\runtime\\cache\\',
  'prefix' => '',
  'expire' => 0,
)
[ info ] [ ROUTE ] array (
  'type' => 'module',
  'module' => 
  array (
    0 => 'index',
    1 => 'Auth',
    2 => 'wxOauth2',
  ),
)
[ info ] [ HEADER ] array (
  'host' => 'localhost',
  'connection' => 'keep-alive',
  'upgrade-insecure-requests' => '1',
  'user-agent' => 'Mozilla/5.0 (Windows NT 10.0; WOW64) AppleWebKit/537.36 (KHTML, like Gecko) Chrome/51.0.2704.63 Safari/537.36',
  'accept' => 'text/html,application/xhtml+xml,application/xml;q=0.9,image/webp,*/*;q=0.8',
  'accept-encoding' => 'gzip, deflate, sdch',
  'accept-language' => 'zh-CN,zh;q=0.8',
  'cookie' => 'AJSTAT_ok_times=1; a4883_times=1; bdshare_firstime=1465982800918; pgv_pvi=6812175360; Hm_lvt_7b43330a4da4a6f4353e553988ee8a62=1476788401; CNZZDATA1000200717=565765623-1467944709-%7C1479695857; MEIQIA_EXTRA_TRACK_ID=de632e18b2e111e69cb5020af009bdc2; CNZZDATA1259010002=1747616501-1478332169-%7C1480566561; Hm_lvt_ed8ac418ac5e06a8c76d9a39d00132c8=1489722888; PHPSESSID=3t6r5k0cqilsmf6sk8tnm72bo1; 3973856a85e2de67a45ef4dc37fbebef_think_var=zh-cn',
)
[ info ] [ PARAM ] array (
  'code' => '021SG3cg290ruE0NyMcg28g4cg2SG3cW',
  'state' => 'STATE',
)
[ info ] [ RUN ] Method [ <user> public method wxOauth2 ] {
  @@ E:\workspace-php\l7cms\application\index\controller\Auth.php 102 - 123
}

[ info ] [ LOG ] INIT File: array (
  'path' => 'E:\\workspace-php\\l7cms\\runtime\\log\\',
  'level' => 
  array (
  ),
)

---------------------------------------------------------------
[ 2017-03-21T17:33:31+08:00 ] ::1 ::1 GET /l7cms/index.php/index/Auth/wxOauth2?code=021SG3cg290ruE0NyMcg28g4cg2SG3cW&state=STATE
[ log ] localhost/l7cms/index.php/index/Auth/wxOauth2?code=021SG3cg290ruE0NyMcg28g4cg2SG3cW&state=STATE [运行时间：1.878095s][吞吐率：0.53req/s] [内存消耗：1,785.88kb] [文件加载：41]
[ info ] [ CACHE ] INIT File:array (
  'type' => 'File',
  'path' => 'E:\\workspace-php\\l7cms\\runtime\\cache\\',
  'prefix' => '',
  'expire' => 0,
)
[ info ] [ ROUTE ] array (
  'type' => 'module',
  'module' => 
  array (
    0 => 'index',
    1 => 'Auth',
    2 => 'wxOauth2',
  ),
)
[ info ] [ HEADER ] array (
  'host' => 'localhost',
  'connection' => 'keep-alive',
  'cache-control' => 'max-age=0',
  'upgrade-insecure-requests' => '1',
  'user-agent' => 'Mozilla/5.0 (Windows NT 10.0; WOW64) AppleWebKit/537.36 (KHTML, like Gecko) Chrome/51.0.2704.63 Safari/537.36',
  'accept' => 'text/html,application/xhtml+xml,application/xml;q=0.9,image/webp,*/*;q=0.8',
  'accept-encoding' => 'gzip, deflate, sdch',
  'accept-language' => 'zh-CN,zh;q=0.8',
  'cookie' => 'AJSTAT_ok_times=1; a4883_times=1; bdshare_firstime=1465982800918; pgv_pvi=6812175360; Hm_lvt_7b43330a4da4a6f4353e553988ee8a62=1476788401; CNZZDATA1000200717=565765623-1467944709-%7C1479695857; MEIQIA_EXTRA_TRACK_ID=de632e18b2e111e69cb5020af009bdc2; CNZZDATA1259010002=1747616501-1478332169-%7C1480566561; Hm_lvt_ed8ac418ac5e06a8c76d9a39d00132c8=1489722888; PHPSESSID=3t6r5k0cqilsmf6sk8tnm72bo1; 3973856a85e2de67a45ef4dc37fbebef_think_var=zh-cn',
)
[ info ] [ PARAM ] array (
  'code' => '021SG3cg290ruE0NyMcg28g4cg2SG3cW',
  'state' => 'STATE',
)
[ info ] [ RUN ] Method [ <user> public method wxOauth2 ] {
  @@ E:\workspace-php\l7cms\application\index\controller\Auth.php 102 - 122
}

[ info ] [ LANG ] E:\workspace-php\l7cms\thinkphp\lang\zh-cn.php
[ info ] [ LANG ] E:\workspace-php\l7cms\thinkphp\lang\zh-cn.php
[ info ] [ LOG ] INIT File: array (
  'path' => 'E:\\workspace-php\\l7cms\\runtime\\log\\',
  'level' => 
  array (
  ),
)
[ error ] [8]未定义索引: openid[E:\workspace-php\l7cms\application\index\controller\Auth.php:111]

---------------------------------------------------------------
[ 2017-03-21T21:14:42+08:00 ] ::1 ::1 GET /l7cms/
[ log ] localhost/l7cms/ [运行时间：0.349066s][吞吐率：2.86req/s] [内存消耗：3,249.48kb] [文件加载：58]
[ info ] [ CACHE ] INIT File:array (
  'type' => 'File',
  'path' => 'E:\\workspace-php\\l7cms\\runtime\\cache\\',
  'prefix' => '',
  'expire' => 0,
)
[ info ] [ ROUTE ] array (
  'type' => 'module',
  'module' => 
  array (
    0 => 'index',
    1 => 'index',
    2 => 'index',
  ),
  'convert' => false,
)
[ info ] [ HEADER ] array (
  'host' => 'localhost',
  'connection' => 'keep-alive',
  'upgrade-insecure-requests' => '1',
  'user-agent' => 'Mozilla/5.0 (Windows NT 10.0; WOW64) AppleWebKit/537.36 (KHTML, like Gecko) Chrome/51.0.2704.63 Safari/537.36',
  'accept' => 'text/html,application/xhtml+xml,application/xml;q=0.9,image/webp,*/*;q=0.8',
  'accept-encoding' => 'gzip, deflate, sdch',
  'accept-language' => 'zh-CN,zh;q=0.8',
  'cookie' => 'AJSTAT_ok_times=1; a4883_times=1; bdshare_firstime=1465982800918; pgv_pvi=6812175360; Hm_lvt_7b43330a4da4a6f4353e553988ee8a62=1476788401; CNZZDATA1000200717=565765623-1467944709-%7C1479695857; MEIQIA_EXTRA_TRACK_ID=de632e18b2e111e69cb5020af009bdc2; CNZZDATA1259010002=1747616501-1478332169-%7C1480566561; Hm_lvt_ed8ac418ac5e06a8c76d9a39d00132c8=1489722888; PHPSESSID=3t6r5k0cqilsmf6sk8tnm72bo1',
)
[ info ] [ PARAM ] array (
)
[ info ] [ RUN ] Method [ <user> public method index ] {
  @@ E:\workspace-php\l7cms\application\index\controller\Index.php 6 - 16
}

[ info ] [ VIEW ] E:\workspace-php\l7cms\templates\default\index\index.html [ array (
  0 => 'seo',
) ]
[ info ] [ DB ] INIT mysql:array (
  'type' => 'mysql',
  'dsn' => '',
  'hostname' => '101.200.161.146',
  'database' => 'ebcms',
  'username' => 'root',
  'password' => 'ycdy5211987',
  'hostport' => '3306',
  'params' => 
  array (
  ),
  'charset' => 'utf8',
  'prefix' => 'ebcms5_',
  'debug' => true,
  'deploy' => 0,
  'rw_separate' => false,
  'master_num' => 1,
  'slave_no' => '',
  'fields_strict' => true,
  'auto_timestamp' => true,
  'resultset_type' => 'array',
  'sql_explain' => false,
)
[ info ] [ LANG ] E:\workspace-php\l7cms\thinkphp\lang\zh-cn.php
[ info ] [ LANG ] E:\workspace-php\l7cms\thinkphp\lang\zh-cn.php
[ info ] [ LOG ] INIT File: array (
  'path' => 'E:\\workspace-php\\l7cms\\runtime\\log\\',
  'level' => 
  array (
  ),
)
[ sql ] [ DB ] CONNECT:[ UseTime:0.019162s ] mysql:dbname=ebcms;host=101.200.161.146;port=3306;charset=utf8
[ sql ] [ SQL ] SELECT * FROM `ebcms5_recommendcate` WHERE  `mark` = 'index_top_advice'  AND `status` = 1 LIMIT 1   [ RunTime:0.013320s ]
[ sql ] [ SQL ] SELECT * FROM `ebcms5_recommend` WHERE  `category_id` = 12  AND `status` = 1 ORDER BY sort desc,id desc LIMIT 1   [ RunTime:0.022713s ]
[ error ] [8]未定义变量: category[E:\workspace-php\l7cms\runtime\temp\359bda0c40448a88f43b121ae0e1c21a.php:51]

---------------------------------------------------------------
[ 2017-03-21T21:15:10+08:00 ] ::1 ::1 GET /l7cms/
[ log ] localhost/l7cms/ [运行时间：0.701569s][吞吐率：1.43req/s] [内存消耗：3,211.73kb] [文件加载：60]
[ sql ] [ DB ] CONNECT:[ UseTime:0.020063s ] mysql:dbname=ebcms;host=101.200.161.146;port=3306;charset=utf8
[ sql ] [ SQL ] SELECT * FROM `ebcms5_recommendcate` WHERE  `mark` = 'index_top_advice'  AND `status` = 1 LIMIT 1   [ RunTime:0.015162s ]
[ sql ] [ SQL ] SELECT * FROM `ebcms5_recommend` WHERE  `category_id` = 12  AND `status` = 1 ORDER BY sort desc,id desc LIMIT 1   [ RunTime:0.017666s ]
[ sql ] [ SQL ] SELECT * FROM `ebcms5_recommendcate` WHERE  `mark` = 'index_big_news'  AND `status` = 1 LIMIT 1   [ RunTime:0.032785s ]
[ sql ] [ SQL ] SELECT * FROM `ebcms5_recommend` WHERE  `category_id` = 8  AND `status` = 1 ORDER BY sort desc,id desc LIMIT 1   [ RunTime:0.027722s ]
[ sql ] [ SQL ] SELECT * FROM `ebcms5_recommendcate` WHERE  `mark` = 'index_slide'  AND `status` = 1 LIMIT 1   [ RunTime:0.021203s ]
[ sql ] [ SQL ] SELECT * FROM `ebcms5_recommend` WHERE  `category_id` = 2  AND `status` = 1 ORDER BY sort desc,id desc LIMIT 4   [ RunTime:0.030419s ]
[ sql ] [ SQL ] SELECT * FROM `ebcms5_recommendcate` WHERE  `mark` = 'index_special'  AND `status` = 1 LIMIT 1   [ RunTime:0.013741s ]
[ sql ] [ SQL ] SELECT * FROM `ebcms5_recommend` WHERE  `category_id` = 4  AND `status` = 1 ORDER BY sort desc,id desc  [ RunTime:0.031724s ]
[ sql ] [ SQL ] SELECT * FROM `ebcms5_recommendcate` WHERE  `mark` = 'index_video_selection'  AND `status` = 1 LIMIT 1   [ RunTime:0.011523s ]
[ sql ] [ SQL ] SELECT * FROM `ebcms5_recommend` WHERE  `category_id` = 6  AND `status` = 1 ORDER BY sort desc LIMIT 3   [ RunTime:0.011971s ]
[ sql ] [ SQL ] SELECT * FROM `ebcms5_recommendcate` WHERE  `mark` = 'index_digger'  AND `status` = 1 LIMIT 1   [ RunTime:0.011581s ]
[ sql ] [ SQL ] SELECT * FROM `ebcms5_recommend` WHERE  `category_id` = 9  AND `status` = 1 ORDER BY sort desc,id desc LIMIT 1   [ RunTime:0.011585s ]
[ sql ] [ SQL ] SELECT * FROM `ebcms5_recommendcate` WHERE  `mark` = 'index_chaijie_pingce'  AND `status` = 1 LIMIT 1   [ RunTime:0.011360s ]
[ sql ] [ SQL ] SELECT * FROM `ebcms5_recommend` WHERE  `category_id` = 7  AND `status` = 1 ORDER BY sort desc,id desc LIMIT 3   [ RunTime:0.011691s ]
[ sql ] [ SQL ] SELECT * FROM `ebcms5_navcate` WHERE  `status` = 1  AND `mark` = 'bottom' LIMIT 1   [ RunTime:0.013719s ]
[ sql ] [ SQL ] SELECT * FROM `ebcms5_nav` WHERE  `category_id` = 2  AND `status` = 1 ORDER BY sort desc,id asc  [ RunTime:0.010673s ]
[ sql ] [ SQL ] INSERT INTO `ebcms5_tongji` (`user_id` , `title` , `url` , `ip` , `create_time`) VALUES ('0' , '首页' , 'http://localhost/l7cms/' , '0.0.0.0' , '1490102109')       [ RunTime:0.009171s ]
[ error ] [8]未定义变量: category
[ error ] [8]未定义变量: category
[ error ] [8]未定义变量: category
[ error ] [8]未定义变量: category
[ error ] [8]未定义变量: category
[ error ] [8]未定义变量: category
[ error ] [8]未定义变量: category
[ error ] [8]未定义变量: category
[ error ] [8]未定义变量: category
[ error ] [8]未定义变量: category
[ error ] [8]未定义变量: category
[ error ] [8]未定义变量: category
[ error ] [8]未定义变量: category
[ error ] [8]未定义变量: category

---------------------------------------------------------------
[ 2017-03-21T21:15:16+08:00 ] ::1 ::1 GET /l7cms/News.html
[ log ] localhost/l7cms/News.html [运行时间：0.414000s][吞吐率：2.42req/s] [内存消耗：3,604.95kb] [文件加载：60]
[ sql ] [ DB ] CONNECT:[ UseTime:0.019211s ] mysql:dbname=ebcms;host=101.200.161.146;port=3306;charset=utf8
[ sql ] [ SQL ] SELECT COUNT(*) AS tp_count FROM `ebcms5_content_content` WHERE  `category_id` IN (7,8,9)  AND `status` = '1' ORDER BY sort desc,update_time desc,id desc LIMIT 1    [ RunTime:0.012219s ]
[ sql ] [ SQL ] SELECT * FROM `ebcms5_content_content` WHERE  `category_id` IN (7,8,9)  AND `status` = '1' ORDER BY sort desc,update_time desc,id desc LIMIT 0,5    [ RunTime:0.022006s ]
[ sql ] [ SQL ] select ct.tag,cts.c_id from ebcms5_content_tag ct,ebcms5_content_tags cts where ct.id = cts.tag_id [ RunTime:0.015907s ]
[ sql ] [ SQL ] SELECT * FROM `ebcms5_recommendcate` WHERE  `mark` = 'news_advice'  AND `status` = 1 LIMIT 1   [ RunTime:0.014149s ]
[ sql ] [ SQL ] SELECT * FROM `ebcms5_recommend` WHERE  `category_id` = 10  AND `status` = 1 ORDER BY sort desc,id desc LIMIT 5   [ RunTime:0.012482s ]
[ sql ] [ SQL ] SELECT * FROM `ebcms5_navcate` WHERE  `status` = 1  AND `mark` = 'bottom' LIMIT 1   [ RunTime:0.012927s ]
[ sql ] [ SQL ] SELECT * FROM `ebcms5_nav` WHERE  `category_id` = 2  AND `status` = 1 ORDER BY sort desc,id asc  [ RunTime:0.013286s ]
[ sql ] [ SQL ] INSERT INTO `ebcms5_tongji` (`user_id` , `title` , `url` , `ip` , `create_time`) VALUES ('0' , '新闻' , 'http://localhost/l7cms/News.html' , '0.0.0.0' , '1490102116')       [ RunTime:0.013849s ]

---------------------------------------------------------------
[ 2017-03-21T21:15:19+08:00 ] ::1 ::1 GET /l7cms/News.html
[ log ] localhost/l7cms/News.html [运行时间：0.322212s][吞吐率：3.10req/s] [内存消耗：3,604.97kb] [文件加载：60]
[ sql ] [ DB ] CONNECT:[ UseTime:0.019511s ] mysql:dbname=ebcms;host=101.200.161.146;port=3306;charset=utf8
[ sql ] [ SQL ] SELECT COUNT(*) AS tp_count FROM `ebcms5_content_content` WHERE  `category_id` IN (7,8,9)  AND `status` = '1' ORDER BY sort desc,update_time desc,id desc LIMIT 1    [ RunTime:0.016322s ]
[ sql ] [ SQL ] SELECT * FROM `ebcms5_content_content` WHERE  `category_id` IN (7,8,9)  AND `status` = '1' ORDER BY sort desc,update_time desc,id desc LIMIT 0,5    [ RunTime:0.020908s ]
[ sql ] [ SQL ] select ct.tag,cts.c_id from ebcms5_content_tag ct,ebcms5_content_tags cts where ct.id = cts.tag_id [ RunTime:0.014119s ]
[ sql ] [ SQL ] SELECT * FROM `ebcms5_recommendcate` WHERE  `mark` = 'news_advice'  AND `status` = 1 LIMIT 1   [ RunTime:0.015589s ]
[ sql ] [ SQL ] SELECT * FROM `ebcms5_recommend` WHERE  `category_id` = 10  AND `status` = 1 ORDER BY sort desc,id desc LIMIT 5   [ RunTime:0.015200s ]
[ sql ] [ SQL ] SELECT * FROM `ebcms5_navcate` WHERE  `status` = 1  AND `mark` = 'bottom' LIMIT 1   [ RunTime:0.011247s ]
[ sql ] [ SQL ] SELECT * FROM `ebcms5_nav` WHERE  `category_id` = 2  AND `status` = 1 ORDER BY sort desc,id asc  [ RunTime:0.012509s ]
[ sql ] [ SQL ] INSERT INTO `ebcms5_tongji` (`user_id` , `title` , `url` , `ip` , `create_time`) VALUES ('0' , '新闻' , 'http://localhost/l7cms/News.html' , '0.0.0.0' , '1490102119')       [ RunTime:0.011440s ]

---------------------------------------------------------------
[ 2017-03-21T21:15:20+08:00 ] ::1 ::1 GET /l7cms/Special/Special.html
[ log ] localhost/l7cms/Special/Special.html [运行时间：0.237103s][吞吐率：4.22req/s] [内存消耗：3,587.29kb] [文件加载：60]
[ sql ] [ DB ] CONNECT:[ UseTime:0.017791s ] mysql:dbname=ebcms;host=101.200.161.146;port=3306;charset=utf8
[ sql ] [ SQL ] SELECT COUNT(*) AS tp_count FROM `ebcms5_content_content` WHERE  `category_id` = '10'  AND `status` = '1' ORDER BY sort desc,update_time desc,id desc LIMIT 1     [ RunTime:0.011337s ]
[ sql ] [ SQL ] SELECT * FROM `ebcms5_content_content` WHERE  `category_id` = '10'  AND `status` = '1' ORDER BY sort desc,update_time desc,id desc LIMIT 0,5     [ RunTime:0.019063s ]
[ sql ] [ SQL ] select ct.tag,cts.c_id from ebcms5_content_tag ct,ebcms5_content_tags cts where ct.id = cts.tag_id [ RunTime:0.015662s ]
[ sql ] [ SQL ] SELECT * FROM `ebcms5_recommendcate` WHERE  `mark` = 'index_zhuanti'  AND `status` = 1 LIMIT 1   [ RunTime:0.011799s ]
[ sql ] [ SQL ] SELECT * FROM `ebcms5_recommend` WHERE  `category_id` = 1  AND `status` = 1 ORDER BY sort desc,id desc LIMIT 4   [ RunTime:0.011702s ]
[ sql ] [ SQL ] SELECT * FROM `ebcms5_navcate` WHERE  `status` = 1  AND `mark` = 'bottom' LIMIT 1   [ RunTime:0.010855s ]
[ sql ] [ SQL ] SELECT * FROM `ebcms5_nav` WHERE  `category_id` = 2  AND `status` = 1 ORDER BY sort desc,id asc  [ RunTime:0.012565s ]
[ sql ] [ SQL ] INSERT INTO `ebcms5_tongji` (`user_id` , `title` , `url` , `ip` , `create_time`) VALUES ('0' , '专题' , 'http://localhost/l7cms/Special/Special.html' , '0.0.0.0' , '1490102120')       [ RunTime:0.009552s ]

---------------------------------------------------------------
[ 2017-03-21T21:15:23+08:00 ] ::1 ::1 GET /l7cms/News.html
[ log ] localhost/l7cms/News.html [运行时间：0.318715s][吞吐率：3.14req/s] [内存消耗：3,604.95kb] [文件加载：60]
[ sql ] [ DB ] CONNECT:[ UseTime:0.020999s ] mysql:dbname=ebcms;host=101.200.161.146;port=3306;charset=utf8
[ sql ] [ SQL ] SELECT COUNT(*) AS tp_count FROM `ebcms5_content_content` WHERE  `category_id` IN (7,8,9)  AND `status` = '1' ORDER BY sort desc,update_time desc,id desc LIMIT 1    [ RunTime:0.013891s ]
[ sql ] [ SQL ] SELECT * FROM `ebcms5_content_content` WHERE  `category_id` IN (7,8,9)  AND `status` = '1' ORDER BY sort desc,update_time desc,id desc LIMIT 0,5    [ RunTime:0.022583s ]
[ sql ] [ SQL ] select ct.tag,cts.c_id from ebcms5_content_tag ct,ebcms5_content_tags cts where ct.id = cts.tag_id [ RunTime:0.018345s ]
[ sql ] [ SQL ] SELECT * FROM `ebcms5_recommendcate` WHERE  `mark` = 'news_advice'  AND `status` = 1 LIMIT 1   [ RunTime:0.015100s ]
[ sql ] [ SQL ] SELECT * FROM `ebcms5_recommend` WHERE  `category_id` = 10  AND `status` = 1 ORDER BY sort desc,id desc LIMIT 5   [ RunTime:0.012803s ]
[ sql ] [ SQL ] SELECT * FROM `ebcms5_navcate` WHERE  `status` = 1  AND `mark` = 'bottom' LIMIT 1   [ RunTime:0.012247s ]
[ sql ] [ SQL ] SELECT * FROM `ebcms5_nav` WHERE  `category_id` = 2  AND `status` = 1 ORDER BY sort desc,id asc  [ RunTime:0.012349s ]
[ sql ] [ SQL ] INSERT INTO `ebcms5_tongji` (`user_id` , `title` , `url` , `ip` , `create_time`) VALUES ('0' , '新闻' , 'http://localhost/l7cms/News.html' , '0.0.0.0' , '1490102122')       [ RunTime:0.010955s ]

---------------------------------------------------------------
[ 2017-03-21T21:25:30+08:00 ] ::1 ::1 GET /l7cms/digger.html
[ log ] localhost/l7cms/digger.html [运行时间：0.304630s][吞吐率：3.28req/s] [内存消耗：3,990.23kb] [文件加载：64]
[ sql ] [ DB ] CONNECT:[ UseTime:0.023666s ] mysql:dbname=ebcms;host=101.200.161.146;port=3306;charset=utf8
[ sql ] [ SQL ] SELECT COUNT(*) AS tp_count FROM `ebcms5_content_content` WHERE  `category_id` = '5'  AND `status` = '1' ORDER BY id desc LIMIT 1     [ RunTime:0.014971s ]
[ sql ] [ SQL ] SELECT * FROM `ebcms5_content_content` WHERE  `category_id` = '5'  AND `status` = '1' ORDER BY id desc LIMIT 0,20     [ RunTime:0.028294s ]
[ sql ] [ SQL ] select ct.tag,cts.c_id from ebcms5_content_tag ct,ebcms5_content_tags cts where ct.id = cts.tag_id [ RunTime:0.016184s ]
[ sql ] [ SQL ] SELECT * FROM `ebcms5_recommendcate` WHERE  `mark` = 'digger'  AND `status` = 1 LIMIT 1   [ RunTime:0.012800s ]
[ sql ] [ SQL ] SELECT * FROM `ebcms5_recommend` WHERE  `category_id` = 3  AND `status` = 1 ORDER BY sort desc,id desc LIMIT 1   [ RunTime:0.014811s ]
[ sql ] [ SQL ] SELECT * FROM `ebcms5_navcate` WHERE  `status` = 1  AND `mark` = 'bottom' LIMIT 1   [ RunTime:0.014317s ]
[ sql ] [ SQL ] SELECT * FROM `ebcms5_nav` WHERE  `category_id` = 2  AND `status` = 1 ORDER BY sort desc,id asc  [ RunTime:0.014544s ]
[ sql ] [ SQL ] INSERT INTO `ebcms5_tongji` (`user_id` , `title` , `url` , `ip` , `create_time`) VALUES ('0' , 'Digger' , 'http://localhost/l7cms/digger.html' , '0.0.0.0' , '1490102730')       [ RunTime:0.013556s ]

---------------------------------------------------------------
