[ 2017-03-24T11:32:53+08:00 ] ::1 ::1 GET /l7cms/index.php/index/auth/updateUserInfo
[ log ] localhost/l7cms/index.php/index/auth/updateUserInfo [运行时间：0.402513s][吞吐率：2.48req/s] [内存消耗：2,754.13kb] [文件加载：50]
[ info ] [ CACHE ] INIT File:array (
  'type' => 'File',
  'path' => 'E:\\workspace-php\\l7cms\\runtime\\cache\\',
  'prefix' => '',
  'expire' => 0,
)
[ info ] [ ROUTE ] array (
  'type' => 'module',
  'module' => 
  array (
    0 => 'index',
    1 => 'auth',
    2 => 'updateUserInfo',
  ),
)
[ info ] [ HEADER ] array (
  'host' => 'localhost',
  'connection' => 'keep-alive',
  'upgrade-insecure-requests' => '1',
  'user-agent' => 'Mozilla/5.0 (Windows NT 10.0; WOW64) AppleWebKit/537.36 (KHTML, like Gecko) Chrome/51.0.2704.63 Safari/537.36',
  'accept' => 'text/html,application/xhtml+xml,application/xml;q=0.9,image/webp,*/*;q=0.8',
  'accept-encoding' => 'gzip, deflate, sdch',
  'accept-language' => 'zh-CN,zh;q=0.8',
  'cookie' => 'AJSTAT_ok_times=1; a4883_times=1; bdshare_firstime=1465982800918; pgv_pvi=6812175360; Hm_lvt_7b43330a4da4a6f4353e553988ee8a62=1476788401; CNZZDATA1000200717=565765623-1467944709-%7C1479695857; MEIQIA_EXTRA_TRACK_ID=de632e18b2e111e69cb5020af009bdc2; CNZZDATA1259010002=1747616501-1478332169-%7C1480566561; Hm_lvt_ed8ac418ac5e06a8c76d9a39d00132c8=1489722888,1490102111',
)
[ info ] [ PARAM ] array (
)
[ info ] [ RUN ] Method [ <user> public method updateUserInfo ] {
  @@ E:\workspace-php\l7cms\application\index\controller\Auth.php 133 - 174
}

[ info ] [ DB ] INIT mysql:array (
  'type' => 'mysql',
  'dsn' => '',
  'hostname' => '101.200.161.146',
  'database' => 'ebcms',
  'username' => 'root',
  'password' => 'ycdy5211987',
  'hostport' => '3306',
  'params' => 
  array (
  ),
  'charset' => 'utf8',
  'prefix' => 'ebcms5_',
  'debug' => true,
  'deploy' => 0,
  'rw_separate' => false,
  'master_num' => 1,
  'slave_no' => '',
  'fields_strict' => true,
  'auto_timestamp' => true,
  'resultset_type' => 'array',
  'sql_explain' => false,
)
[ info ] [ LANG ] E:\workspace-php\l7cms\thinkphp\lang\zh-cn.php
[ info ] [ LANG ] E:\workspace-php\l7cms\thinkphp\lang\zh-cn.php
[ info ] [ LOG ] INIT File: array (
  'path' => 'E:\\workspace-php\\l7cms\\runtime\\log\\',
  'level' => 
  array (
  ),
)
[ sql ] [ DB ] CONNECT:[ UseTime:0.034238s ] mysql:dbname=ebcms;host=101.200.161.146;port=3306;charset=utf8
[ sql ] [ SQL ] SELECT * FROM `ebcms5_user` WHERE  `unionid` = 'oFezHw3mKkyA0ClTemz_AsK-6-WQ' LIMIT 1   [ RunTime:0.045985s ]
[ sql ] [ SQL ] SHOW COLUMNS FROM `ebcms5_user` [ RunTime:0.014304s ]
[ error ] [10501]SQLSTATE[23000]: Integrity constraint violation: 1062 Duplicate entry 'weixin@qq.com' for key 'email'[E:\workspace-php\l7cms\thinkphp\library\think\db\Connection.php:400]

---------------------------------------------------------------
[ 2017-03-24T11:58:28+08:00 ] ::1 ::1 GET /l7cms/index.php/index/auth/updateUserInfo
[ log ] localhost/l7cms/index.php/index/auth/updateUserInfo [运行时间：0.143021s][吞吐率：6.99req/s] [内存消耗：2,603.41kb] [文件加载：41]
[ info ] [ CACHE ] INIT File:array (
  'type' => 'File',
  'path' => 'E:\\workspace-php\\l7cms\\runtime\\cache\\',
  'prefix' => '',
  'expire' => 0,
)
[ info ] [ ROUTE ] array (
  'type' => 'module',
  'module' => 
  array (
    0 => 'index',
    1 => 'auth',
    2 => 'updateUserInfo',
  ),
)
[ info ] [ HEADER ] array (
  'host' => 'localhost',
  'connection' => 'keep-alive',
  'cache-control' => 'max-age=0',
  'upgrade-insecure-requests' => '1',
  'user-agent' => 'Mozilla/5.0 (Windows NT 10.0; WOW64) AppleWebKit/537.36 (KHTML, like Gecko) Chrome/51.0.2704.63 Safari/537.36',
  'accept' => 'text/html,application/xhtml+xml,application/xml;q=0.9,image/webp,*/*;q=0.8',
  'accept-encoding' => 'gzip, deflate, sdch',
  'accept-language' => 'zh-CN,zh;q=0.8',
  'cookie' => 'AJSTAT_ok_times=1; a4883_times=1; bdshare_firstime=1465982800918; pgv_pvi=6812175360; Hm_lvt_7b43330a4da4a6f4353e553988ee8a62=1476788401; CNZZDATA1000200717=565765623-1467944709-%7C1479695857; MEIQIA_EXTRA_TRACK_ID=de632e18b2e111e69cb5020af009bdc2; CNZZDATA1259010002=1747616501-1478332169-%7C1480566561; Hm_lvt_ed8ac418ac5e06a8c76d9a39d00132c8=1489722888,1490102111; 3973856a85e2de67a45ef4dc37fbebef_think_var=zh-cn',
)
[ info ] [ PARAM ] array (
)
[ info ] [ RUN ] Method [ <user> public method updateUserInfo ] {
  @@ E:\workspace-php\l7cms\application\index\controller\Auth.php 133 - 174
}

[ info ] [ DB ] INIT mysql:array (
  'type' => 'mysql',
  'dsn' => '',
  'hostname' => '101.200.161.146',
  'database' => 'ebcms',
  'username' => 'root',
  'password' => 'ycdy5211987',
  'hostport' => '3306',
  'params' => 
  array (
  ),
  'charset' => 'utf8',
  'prefix' => 'ebcms5_',
  'debug' => true,
  'deploy' => 0,
  'rw_separate' => false,
  'master_num' => 1,
  'slave_no' => '',
  'fields_strict' => true,
  'auto_timestamp' => true,
  'resultset_type' => 'array',
  'sql_explain' => false,
)
[ info ] [ LOG ] INIT File: array (
  'path' => 'E:\\workspace-php\\l7cms\\runtime\\log\\',
  'level' => 
  array (
  ),
)
[ sql ] [ DB ] CONNECT:[ UseTime:0.032346s ] mysql:dbname=ebcms;host=101.200.161.146;port=3306;charset=utf8
[ sql ] [ SQL ] SELECT * FROM `ebcms5_user` WHERE  `unionid` = 'oFezHw3mKkyA0ClTemz_AsK-6-WQ' LIMIT 1   [ RunTime:0.021557s ]
[ sql ] [ SQL ] SHOW COLUMNS FROM `ebcms5_user` [ RunTime:0.025224s ]
[ sql ] [ SQL ] INSERT INTO `ebcms5_user` (`nickname` , `avatar` , `unionid` , `salt` , `password` , `create_time`) VALUES ('王腾龙' , 'http://wx.qlogo.cn/mmopen/ajNVdqHZLLBa8ANAFMKbLhkNM7ytiaibfibj86IByDD6SelTsiatxKLvEKrMJ7atC3SeIK12UsGsvgU795uNUqVujw/0' , 'oFezHw3mKkyA0ClTemz_AsK-6-WQ' , 'weixin' , 'a6a7875ffa504bcfd465851c714e9435' , '1490327908')        [ RunTime:0.014260s ]

---------------------------------------------------------------
[ 2017-03-24T12:02:04+08:00 ] ::1 ::1 GET /l7cms/index.php/index/auth/updateUserInfo
[ log ] localhost/l7cms/index.php/index/auth/updateUserInfo [运行时间：0.180836s][吞吐率：5.53req/s] [内存消耗：2,749.55kb] [文件加载：49]
[ info ] [ CACHE ] INIT File:array (
  'type' => 'File',
  'path' => 'E:\\workspace-php\\l7cms\\runtime\\cache\\',
  'prefix' => '',
  'expire' => 0,
)
[ info ] [ ROUTE ] array (
  'type' => 'module',
  'module' => 
  array (
    0 => 'index',
    1 => 'auth',
    2 => 'updateUserInfo',
  ),
)
[ info ] [ HEADER ] array (
  'host' => 'localhost',
  'connection' => 'keep-alive',
  'upgrade-insecure-requests' => '1',
  'user-agent' => 'Mozilla/5.0 (Windows NT 10.0; WOW64) AppleWebKit/537.36 (KHTML, like Gecko) Chrome/51.0.2704.63 Safari/537.36',
  'accept' => 'text/html,application/xhtml+xml,application/xml;q=0.9,image/webp,*/*;q=0.8',
  'accept-encoding' => 'gzip, deflate, sdch',
  'accept-language' => 'zh-CN,zh;q=0.8',
  'cookie' => 'AJSTAT_ok_times=1; a4883_times=1; bdshare_firstime=1465982800918; pgv_pvi=6812175360; Hm_lvt_7b43330a4da4a6f4353e553988ee8a62=1476788401; CNZZDATA1000200717=565765623-1467944709-%7C1479695857; MEIQIA_EXTRA_TRACK_ID=de632e18b2e111e69cb5020af009bdc2; CNZZDATA1259010002=1747616501-1478332169-%7C1480566561; Hm_lvt_ed8ac418ac5e06a8c76d9a39d00132c8=1489722888,1490102111; 3973856a85e2de67a45ef4dc37fbebef_think_var=zh-cn',
)
[ info ] [ PARAM ] array (
)
[ info ] [ RUN ] Method [ <user> public method updateUserInfo ] {
  @@ E:\workspace-php\l7cms\application\index\controller\Auth.php 133 - 173
}

[ info ] [ DB ] INIT mysql:array (
  'type' => 'mysql',
  'dsn' => '',
  'hostname' => '101.200.161.146',
  'database' => 'ebcms',
  'username' => 'root',
  'password' => 'ycdy5211987',
  'hostport' => '3306',
  'params' => 
  array (
  ),
  'charset' => 'utf8',
  'prefix' => 'ebcms5_',
  'debug' => true,
  'deploy' => 0,
  'rw_separate' => false,
  'master_num' => 1,
  'slave_no' => '',
  'fields_strict' => true,
  'auto_timestamp' => true,
  'resultset_type' => 'array',
  'sql_explain' => false,
)
[ info ] [ LANG ] E:\workspace-php\l7cms\thinkphp\lang\zh-cn.php
[ info ] [ LANG ] E:\workspace-php\l7cms\thinkphp\lang\zh-cn.php
[ info ] [ LOG ] INIT File: array (
  'path' => 'E:\\workspace-php\\l7cms\\runtime\\log\\',
  'level' => 
  array (
  ),
)
[ sql ] [ DB ] CONNECT:[ UseTime:0.032815s ] mysql:dbname=ebcms;host=101.200.161.146;port=3306;charset=utf8
[ sql ] [ SQL ] SELECT * FROM `ebcms5_user` WHERE  `unionid` = 'oFezHw3mKkyA0ClTemz_AsK-6-WQ' LIMIT 1   [ RunTime:0.019789s ]
[ sql ] [ SQL ] SHOW COLUMNS FROM `ebcms5_user` [ RunTime:0.018938s ]
[ sql ] [ SQL ] INSERT INTO `ebcms5_user` (`nickname` , `avatar` , `unionid` , `salt` , `password` , `create_time`) VALUES ('王腾龙' , 'http://wx.qlogo.cn/mmopen/ajNVdqHZLLBa8ANAFMKbLhkNM7ytiaibfibj86IByDD6SelTsiatxKLvEKrMJ7atC3SeIK12UsGsvgU795uNUqVujw/0' , 'oFezHw3mKkyA0ClTemz_AsK-6-WQ' , 'weixin' , '838a55c1d46925e003b63b9b2c087574' , '1490328124')        [ RunTime:0.019607s ]
[ sql ] [ SQL ] SHOW COLUMNS FROM `ebcms5_auth_access` [ RunTime:0.020765s ]
[ sql ] [ SQL ] INSERT INTO `ebcms5_auth_access` (`uid` , `group_id`) VALUES ('7' , '5')    [ RunTime:0.015494s ]
[ error ] [8]Use of undefined constant id - assumed 'id'[E:\workspace-php\l7cms\application\index\controller\Auth.php:171]

---------------------------------------------------------------
[ 2017-03-24T12:02:42+08:00 ] ::1 ::1 GET /l7cms/index.php/index/auth/updateUserInfo
[ log ] localhost/l7cms/index.php/index/auth/updateUserInfo [运行时间：0.121191s][吞吐率：8.25req/s] [内存消耗：2,742.66kb] [文件加载：49]
[ info ] [ CACHE ] INIT File:array (
  'type' => 'File',
  'path' => 'E:\\workspace-php\\l7cms\\runtime\\cache\\',
  'prefix' => '',
  'expire' => 0,
)
[ info ] [ ROUTE ] array (
  'type' => 'module',
  'module' => 
  array (
    0 => 'index',
    1 => 'auth',
    2 => 'updateUserInfo',
  ),
)
[ info ] [ HEADER ] array (
  'host' => 'localhost',
  'connection' => 'keep-alive',
  'cache-control' => 'max-age=0',
  'upgrade-insecure-requests' => '1',
  'user-agent' => 'Mozilla/5.0 (Windows NT 10.0; WOW64) AppleWebKit/537.36 (KHTML, like Gecko) Chrome/51.0.2704.63 Safari/537.36',
  'accept' => 'text/html,application/xhtml+xml,application/xml;q=0.9,image/webp,*/*;q=0.8',
  'accept-encoding' => 'gzip, deflate, sdch',
  'accept-language' => 'zh-CN,zh;q=0.8',
  'cookie' => 'AJSTAT_ok_times=1; a4883_times=1; bdshare_firstime=1465982800918; pgv_pvi=6812175360; Hm_lvt_7b43330a4da4a6f4353e553988ee8a62=1476788401; CNZZDATA1000200717=565765623-1467944709-%7C1479695857; MEIQIA_EXTRA_TRACK_ID=de632e18b2e111e69cb5020af009bdc2; CNZZDATA1259010002=1747616501-1478332169-%7C1480566561; Hm_lvt_ed8ac418ac5e06a8c76d9a39d00132c8=1489722888,1490102111; 3973856a85e2de67a45ef4dc37fbebef_think_var=zh-cn',
)
[ info ] [ PARAM ] array (
)
[ info ] [ RUN ] Method [ <user> public method updateUserInfo ] {
  @@ E:\workspace-php\l7cms\application\index\controller\Auth.php 133 - 174
}

[ info ] [ DB ] INIT mysql:array (
  'type' => 'mysql',
  'dsn' => '',
  'hostname' => '101.200.161.146',
  'database' => 'ebcms',
  'username' => 'root',
  'password' => 'ycdy5211987',
  'hostport' => '3306',
  'params' => 
  array (
  ),
  'charset' => 'utf8',
  'prefix' => 'ebcms5_',
  'debug' => true,
  'deploy' => 0,
  'rw_separate' => false,
  'master_num' => 1,
  'slave_no' => '',
  'fields_strict' => true,
  'auto_timestamp' => true,
  'resultset_type' => 'array',
  'sql_explain' => false,
)
[ info ] [ LANG ] E:\workspace-php\l7cms\thinkphp\lang\zh-cn.php
[ info ] [ LANG ] E:\workspace-php\l7cms\thinkphp\lang\zh-cn.php
[ info ] [ LOG ] INIT File: array (
  'path' => 'E:\\workspace-php\\l7cms\\runtime\\log\\',
  'level' => 
  array (
  ),
)
[ sql ] [ DB ] CONNECT:[ UseTime:0.028851s ] mysql:dbname=ebcms;host=101.200.161.146;port=3306;charset=utf8
[ sql ] [ SQL ] SELECT * FROM `ebcms5_user` WHERE  `unionid` = 'oFezHw3mKkyA0ClTemz_AsK-6-WQ' LIMIT 1   [ RunTime:0.018070s ]
[ sql ] [ SQL ] UPDATE `ebcms5_user`  SET `login_times`='1',`login_time`='1490328162',`update_time`='1490328162'  WHERE  `unionid` = 'oFezHw3mKkyA0ClTemz_AsK-6-WQ'      [ RunTime:0.013190s ]
[ error ] [8]Use of undefined constant id - assumed 'id'[E:\workspace-php\l7cms\application\index\controller\Auth.php:172]

---------------------------------------------------------------
[ 2017-03-24T12:02:43+08:00 ] ::1 ::1 GET /l7cms/index.php/index/auth/updateUserInfo
[ log ] localhost/l7cms/index.php/index/auth/updateUserInfo [运行时间：0.124839s][吞吐率：8.01req/s] [内存消耗：2,742.66kb] [文件加载：49]
[ info ] [ CACHE ] INIT File:array (
  'type' => 'File',
  'path' => 'E:\\workspace-php\\l7cms\\runtime\\cache\\',
  'prefix' => '',
  'expire' => 0,
)
[ info ] [ ROUTE ] array (
  'type' => 'module',
  'module' => 
  array (
    0 => 'index',
    1 => 'auth',
    2 => 'updateUserInfo',
  ),
)
[ info ] [ HEADER ] array (
  'host' => 'localhost',
  'connection' => 'keep-alive',
  'cache-control' => 'max-age=0',
  'upgrade-insecure-requests' => '1',
  'user-agent' => 'Mozilla/5.0 (Windows NT 10.0; WOW64) AppleWebKit/537.36 (KHTML, like Gecko) Chrome/51.0.2704.63 Safari/537.36',
  'accept' => 'text/html,application/xhtml+xml,application/xml;q=0.9,image/webp,*/*;q=0.8',
  'accept-encoding' => 'gzip, deflate, sdch',
  'accept-language' => 'zh-CN,zh;q=0.8',
  'cookie' => 'AJSTAT_ok_times=1; a4883_times=1; bdshare_firstime=1465982800918; pgv_pvi=6812175360; Hm_lvt_7b43330a4da4a6f4353e553988ee8a62=1476788401; CNZZDATA1000200717=565765623-1467944709-%7C1479695857; MEIQIA_EXTRA_TRACK_ID=de632e18b2e111e69cb5020af009bdc2; CNZZDATA1259010002=1747616501-1478332169-%7C1480566561; Hm_lvt_ed8ac418ac5e06a8c76d9a39d00132c8=1489722888,1490102111; 3973856a85e2de67a45ef4dc37fbebef_think_var=zh-cn',
)
[ info ] [ PARAM ] array (
)
[ info ] [ RUN ] Method [ <user> public method updateUserInfo ] {
  @@ E:\workspace-php\l7cms\application\index\controller\Auth.php 133 - 174
}

[ info ] [ DB ] INIT mysql:array (
  'type' => 'mysql',
  'dsn' => '',
  'hostname' => '101.200.161.146',
  'database' => 'ebcms',
  'username' => 'root',
  'password' => 'ycdy5211987',
  'hostport' => '3306',
  'params' => 
  array (
  ),
  'charset' => 'utf8',
  'prefix' => 'ebcms5_',
  'debug' => true,
  'deploy' => 0,
  'rw_separate' => false,
  'master_num' => 1,
  'slave_no' => '',
  'fields_strict' => true,
  'auto_timestamp' => true,
  'resultset_type' => 'array',
  'sql_explain' => false,
)
[ info ] [ LANG ] E:\workspace-php\l7cms\thinkphp\lang\zh-cn.php
[ info ] [ LANG ] E:\workspace-php\l7cms\thinkphp\lang\zh-cn.php
[ info ] [ LOG ] INIT File: array (
  'path' => 'E:\\workspace-php\\l7cms\\runtime\\log\\',
  'level' => 
  array (
  ),
)
[ sql ] [ DB ] CONNECT:[ UseTime:0.030439s ] mysql:dbname=ebcms;host=101.200.161.146;port=3306;charset=utf8
[ sql ] [ SQL ] SELECT * FROM `ebcms5_user` WHERE  `unionid` = 'oFezHw3mKkyA0ClTemz_AsK-6-WQ' LIMIT 1   [ RunTime:0.020597s ]
[ sql ] [ SQL ] UPDATE `ebcms5_user`  SET `login_times`='2',`login_time`='1490328163',`update_time`='1490328163'  WHERE  `unionid` = 'oFezHw3mKkyA0ClTemz_AsK-6-WQ'      [ RunTime:0.016673s ]
[ error ] [8]Use of undefined constant id - assumed 'id'[E:\workspace-php\l7cms\application\index\controller\Auth.php:172]

---------------------------------------------------------------
[ 2017-03-24T12:02:51+08:00 ] ::1 ::1 GET /l7cms/index.php/index/auth/updateUserInfo
[ log ] localhost/l7cms/index.php/index/auth/updateUserInfo [运行时间：0.130336s][吞吐率：7.67req/s] [内存消耗：2,600.43kb] [文件加载：41]
[ info ] [ CACHE ] INIT File:array (
  'type' => 'File',
  'path' => 'E:\\workspace-php\\l7cms\\runtime\\cache\\',
  'prefix' => '',
  'expire' => 0,
)
[ info ] [ ROUTE ] array (
  'type' => 'module',
  'module' => 
  array (
    0 => 'index',
    1 => 'auth',
    2 => 'updateUserInfo',
  ),
)
[ info ] [ HEADER ] array (
  'host' => 'localhost',
  'connection' => 'keep-alive',
  'cache-control' => 'max-age=0',
  'upgrade-insecure-requests' => '1',
  'user-agent' => 'Mozilla/5.0 (Windows NT 10.0; WOW64) AppleWebKit/537.36 (KHTML, like Gecko) Chrome/51.0.2704.63 Safari/537.36',
  'accept' => 'text/html,application/xhtml+xml,application/xml;q=0.9,image/webp,*/*;q=0.8',
  'accept-encoding' => 'gzip, deflate, sdch',
  'accept-language' => 'zh-CN,zh;q=0.8',
  'cookie' => 'AJSTAT_ok_times=1; a4883_times=1; bdshare_firstime=1465982800918; pgv_pvi=6812175360; Hm_lvt_7b43330a4da4a6f4353e553988ee8a62=1476788401; CNZZDATA1000200717=565765623-1467944709-%7C1479695857; MEIQIA_EXTRA_TRACK_ID=de632e18b2e111e69cb5020af009bdc2; CNZZDATA1259010002=1747616501-1478332169-%7C1480566561; Hm_lvt_ed8ac418ac5e06a8c76d9a39d00132c8=1489722888,1490102111; 3973856a85e2de67a45ef4dc37fbebef_think_var=zh-cn',
)
[ info ] [ PARAM ] array (
)
[ info ] [ RUN ] Method [ <user> public method updateUserInfo ] {
  @@ E:\workspace-php\l7cms\application\index\controller\Auth.php 133 - 174
}

[ info ] [ DB ] INIT mysql:array (
  'type' => 'mysql',
  'dsn' => '',
  'hostname' => '101.200.161.146',
  'database' => 'ebcms',
  'username' => 'root',
  'password' => 'ycdy5211987',
  'hostport' => '3306',
  'params' => 
  array (
  ),
  'charset' => 'utf8',
  'prefix' => 'ebcms5_',
  'debug' => true,
  'deploy' => 0,
  'rw_separate' => false,
  'master_num' => 1,
  'slave_no' => '',
  'fields_strict' => true,
  'auto_timestamp' => true,
  'resultset_type' => 'array',
  'sql_explain' => false,
)
[ info ] [ LOG ] INIT File: array (
  'path' => 'E:\\workspace-php\\l7cms\\runtime\\log\\',
  'level' => 
  array (
  ),
)
[ sql ] [ DB ] CONNECT:[ UseTime:0.036267s ] mysql:dbname=ebcms;host=101.200.161.146;port=3306;charset=utf8
[ sql ] [ SQL ] SELECT * FROM `ebcms5_user` WHERE  `unionid` = 'oFezHw3mKkyA0ClTemz_AsK-6-WQ' LIMIT 1   [ RunTime:0.019916s ]
[ sql ] [ SQL ] UPDATE `ebcms5_user`  SET `login_times`='3',`login_time`='1490328171',`update_time`='1490328171'  WHERE  `unionid` = 'oFezHw3mKkyA0ClTemz_AsK-6-WQ'      [ RunTime:0.028086s ]

---------------------------------------------------------------
[ 2017-03-24T12:04:30+08:00 ] ::1 ::1 GET /l7cms/index.php/index/Auth/wxOauth2?source_url=http://www.long7.com/News/Sneaker/1011.html&code=001DGINi0vvJ9k1XTbNi0pCpNi0DGINg&state=STATE
[ log ] localhost/l7cms/index.php/index/Auth/wxOauth2?source_url=http://www.long7.com/News/Sneaker/1011.html&code=001DGINi0vvJ9k1XTbNi0pCpNi0DGINg&state=STATE [运行时间：1.493172s][吞吐率：0.67req/s] [内存消耗：1,797.88kb] [文件加载：41]
[ info ] [ CACHE ] INIT File:array (
  'type' => 'File',
  'path' => 'E:\\workspace-php\\l7cms\\runtime\\cache\\',
  'prefix' => '',
  'expire' => 0,
)
[ info ] [ ROUTE ] array (
  'type' => 'module',
  'module' => 
  array (
    0 => 'index',
    1 => 'Auth',
    2 => 'wxOauth2',
  ),
)
[ info ] [ HEADER ] array (
  'host' => 'localhost',
  'connection' => 'keep-alive',
  'upgrade-insecure-requests' => '1',
  'user-agent' => 'Mozilla/5.0 (Windows NT 10.0; WOW64) AppleWebKit/537.36 (KHTML, like Gecko) Chrome/51.0.2704.63 Safari/537.36',
  'accept' => 'text/html,application/xhtml+xml,application/xml;q=0.9,image/webp,*/*;q=0.8',
  'accept-encoding' => 'gzip, deflate, sdch',
  'accept-language' => 'zh-CN,zh;q=0.8',
  'cookie' => 'AJSTAT_ok_times=1; a4883_times=1; bdshare_firstime=1465982800918; pgv_pvi=6812175360; Hm_lvt_7b43330a4da4a6f4353e553988ee8a62=1476788401; CNZZDATA1000200717=565765623-1467944709-%7C1479695857; MEIQIA_EXTRA_TRACK_ID=de632e18b2e111e69cb5020af009bdc2; CNZZDATA1259010002=1747616501-1478332169-%7C1480566561; Hm_lvt_ed8ac418ac5e06a8c76d9a39d00132c8=1489722888,1490102111; 3973856a85e2de67a45ef4dc37fbebef_think_var=zh-cn',
)
[ info ] [ PARAM ] array (
  'source_url' => 'http://www.long7.com/News/Sneaker/1011.html',
  'code' => '001DGINi0vvJ9k1XTbNi0pCpNi0DGINg',
  'state' => 'STATE',
)
[ info ] [ RUN ] Method [ <user> public method wxOauth2 ] {
  @@ E:\workspace-php\l7cms\application\index\controller\Auth.php 102 - 131
}

[ info ] [ LANG ] E:\workspace-php\l7cms\thinkphp\lang\zh-cn.php
[ info ] [ LANG ] E:\workspace-php\l7cms\thinkphp\lang\zh-cn.php
[ info ] [ LOG ] INIT File: array (
  'path' => 'E:\\workspace-php\\l7cms\\runtime\\log\\',
  'level' => 
  array (
  ),
)
[ error ] [8]未定义索引: openid[E:\workspace-php\l7cms\application\index\controller\Auth.php:110]

---------------------------------------------------------------
[ 2017-03-24T12:12:32+08:00 ] ::1 ::1 GET /l7cms/index.php/index/auth/updateUserInfo
[ log ] localhost/l7cms/index.php/index/auth/updateUserInfo [运行时间：0.350269s][吞吐率：2.85req/s] [内存消耗：2,772.72kb] [文件加载：47]
[ info ] [ CACHE ] INIT File:array (
  'type' => 'File',
  'path' => 'E:\\workspace-php\\l7cms\\runtime\\cache\\',
  'prefix' => '',
  'expire' => 0,
)
[ info ] [ ROUTE ] array (
  'type' => 'module',
  'module' => 
  array (
    0 => 'index',
    1 => 'auth',
    2 => 'updateUserInfo',
  ),
)
[ info ] [ HEADER ] array (
  'host' => 'localhost',
  'connection' => 'keep-alive',
  'cache-control' => 'max-age=0',
  'upgrade-insecure-requests' => '1',
  'user-agent' => 'Mozilla/5.0 (Windows NT 10.0; WOW64) AppleWebKit/537.36 (KHTML, like Gecko) Chrome/51.0.2704.63 Safari/537.36',
  'accept' => 'text/html,application/xhtml+xml,application/xml;q=0.9,image/webp,*/*;q=0.8',
  'accept-encoding' => 'gzip, deflate, sdch',
  'accept-language' => 'zh-CN,zh;q=0.8',
  'cookie' => 'AJSTAT_ok_times=1; a4883_times=1; bdshare_firstime=1465982800918; pgv_pvi=6812175360; Hm_lvt_7b43330a4da4a6f4353e553988ee8a62=1476788401; CNZZDATA1000200717=565765623-1467944709-%7C1479695857; MEIQIA_EXTRA_TRACK_ID=de632e18b2e111e69cb5020af009bdc2; CNZZDATA1259010002=1747616501-1478332169-%7C1480566561; Hm_lvt_ed8ac418ac5e06a8c76d9a39d00132c8=1489722888,1490102111; 3973856a85e2de67a45ef4dc37fbebef_think_var=zh-cn',
)
[ info ] [ PARAM ] array (
)
[ info ] [ RUN ] Method [ <user> public method updateUserInfo ] {
  @@ E:\workspace-php\l7cms\application\index\controller\Auth.php 132 - 172
}

[ info ] [ DB ] INIT mysql:array (
  'type' => 'mysql',
  'dsn' => '',
  'hostname' => '101.200.161.146',
  'database' => 'ebcms',
  'username' => 'root',
  'password' => 'ycdy5211987',
  'hostport' => '3306',
  'params' => 
  array (
  ),
  'charset' => 'utf8',
  'prefix' => 'ebcms5_',
  'debug' => true,
  'deploy' => 0,
  'rw_separate' => false,
  'master_num' => 1,
  'slave_no' => '',
  'fields_strict' => true,
  'auto_timestamp' => true,
  'resultset_type' => 'array',
  'sql_explain' => false,
)
[ info ] [ SESSION ] INIT array (
  'id' => '',
  'var_session_id' => '',
  'prefix' => '9eb7bb9cdb123ee8e9df8cdae0d4484f_',
  'type' => '',
  'auto_start' => true,
)
[ info ] [ BEHAVIOR ] Run app\index\behavior\Tongji @app_end [ RunTime:0.039681s ]
[ info ] [ LOG ] INIT File: array (
  'path' => 'E:\\workspace-php\\l7cms\\runtime\\log\\',
  'level' => 
  array (
  ),
)
[ sql ] [ DB ] CONNECT:[ UseTime:0.177206s ] mysql:dbname=ebcms;host=101.200.161.146;port=3306;charset=utf8
[ sql ] [ SQL ] SELECT * FROM `ebcms5_user` WHERE  `unionid` = 'oFezHw3mKkyA0ClTemz_AsK-6-WQ' LIMIT 1   [ RunTime:0.018794s ]
[ sql ] [ SQL ] SHOW COLUMNS FROM `ebcms5_user` [ RunTime:0.017898s ]
[ sql ] [ SQL ] INSERT INTO `ebcms5_user` (`nickname` , `email` , `avatar` , `unionid` , `salt` , `password` , `create_time`) VALUES ('王腾龙' , 'weixin@qq.com' , 'http://wx.qlogo.cn/mmopen/ajNVdqHZLLBa8ANAFMKbLhkNM7ytiaibfibj86IByDD6SelTsiatxKLvEKrMJ7atC3SeIK12UsGsvgU795uNUqVujw/0' , 'oFezHw3mKkyA0ClTemz_AsK-6-WQ' , 'weixin' , 'ede2a932854e0aa283f245ad62263c4f' , '1490328752')         [ RunTime:0.015948s ]
[ sql ] [ SQL ] SHOW COLUMNS FROM `ebcms5_auth_access` [ RunTime:0.015805s ]
[ sql ] [ SQL ] INSERT INTO `ebcms5_auth_access` (`uid` , `group_id`) VALUES ('8' , '5')    [ RunTime:0.015379s ]
[ sql ] [ SQL ] INSERT INTO `ebcms5_tongji` (`user_id` , `title` , `url` , `ip` , `create_time`) VALUES ('0' , '首页' , 'http://localhost/l7cms/index.php/index/auth/updateUserInfo' , '0.0.0.0' , '1490328751')       [ RunTime:0.015515s ]

---------------------------------------------------------------
