[ 2017-03-28T11:21:28+08:00 ] ::1 ::1 GET /l7cms/index.php/index/Auth/openOauth2
[ log ] localhost/l7cms/index.php/index/Auth/openOauth2 [运行时间：0.241975s][吞吐率：4.13req/s] [内存消耗：1,801.84kb] [文件加载：40]
[ info ] [ CACHE ] INIT File:array (
  'type' => 'File',
  'path' => 'E:\\workspace-php\\l7cms\\runtime\\cache\\',
  'prefix' => '',
  'expire' => 0,
)
[ info ] [ ROUTE ] array (
  'type' => 'module',
  'module' => 
  array (
    0 => 'index',
    1 => 'Auth',
    2 => 'openOauth2',
  ),
)
[ info ] [ HEADER ] array (
  'host' => 'localhost',
  'connection' => 'keep-alive',
  'upgrade-insecure-requests' => '1',
  'user-agent' => 'Mozilla/5.0 (Windows NT 10.0; WOW64) AppleWebKit/537.36 (KHTML, like Gecko) Chrome/51.0.2704.63 Safari/537.36',
  'accept' => 'text/html,application/xhtml+xml,application/xml;q=0.9,image/webp,*/*;q=0.8',
  'accept-encoding' => 'gzip, deflate, sdch',
  'accept-language' => 'zh-CN,zh;q=0.8',
  'cookie' => 'AJSTAT_ok_times=1; a4883_times=1; bdshare_firstime=1465982800918; pgv_pvi=6812175360; Hm_lvt_7b43330a4da4a6f4353e553988ee8a62=1476788401; CNZZDATA1000200717=565765623-1467944709-%7C1479695857; MEIQIA_EXTRA_TRACK_ID=de632e18b2e111e69cb5020af009bdc2; CNZZDATA1259010002=1747616501-1478332169-%7C1480566561; Hm_lvt_ed8ac418ac5e06a8c76d9a39d00132c8=1489722888,1490102111',
)
[ info ] [ PARAM ] array (
)
[ info ] [ RUN ] Method [ <user> public method openOauth2 ] {
  @@ E:\workspace-php\l7cms\application\index\controller\Auth.php 94 - 118
}

[ info ] [ LANG ] E:\workspace-php\l7cms\thinkphp\lang\zh-cn.php
[ info ] [ LANG ] E:\workspace-php\l7cms\thinkphp\lang\zh-cn.php
[ info ] [ LOG ] INIT File: array (
  'path' => 'E:\\workspace-php\\l7cms\\runtime\\log\\',
  'level' => 
  array (
  ),
)
[ error ] [1]Class 'JSSDK' not found[E:\workspace-php\l7cms\application\index\controller\Auth.php:95]

---------------------------------------------------------------
[ 2017-03-28T11:22:21+08:00 ] ::1 ::1 GET /l7cms/index.php/index/Auth/openOauth2
[ log ] localhost/l7cms/index.php/index/Auth/openOauth2 [运行时间：0.046073s][吞吐率：21.70req/s] [内存消耗：1,816.10kb] [文件加载：41]
[ info ] [ CACHE ] INIT File:array (
  'type' => 'File',
  'path' => 'E:\\workspace-php\\l7cms\\runtime\\cache\\',
  'prefix' => '',
  'expire' => 0,
)
[ info ] [ ROUTE ] array (
  'type' => 'module',
  'module' => 
  array (
    0 => 'index',
    1 => 'Auth',
    2 => 'openOauth2',
  ),
)
[ info ] [ HEADER ] array (
  'host' => 'localhost',
  'connection' => 'keep-alive',
  'cache-control' => 'max-age=0',
  'upgrade-insecure-requests' => '1',
  'user-agent' => 'Mozilla/5.0 (Windows NT 10.0; WOW64) AppleWebKit/537.36 (KHTML, like Gecko) Chrome/51.0.2704.63 Safari/537.36',
  'accept' => 'text/html,application/xhtml+xml,application/xml;q=0.9,image/webp,*/*;q=0.8',
  'accept-encoding' => 'gzip, deflate, sdch',
  'accept-language' => 'zh-CN,zh;q=0.8',
  'cookie' => 'AJSTAT_ok_times=1; a4883_times=1; bdshare_firstime=1465982800918; pgv_pvi=6812175360; Hm_lvt_7b43330a4da4a6f4353e553988ee8a62=1476788401; CNZZDATA1000200717=565765623-1467944709-%7C1479695857; MEIQIA_EXTRA_TRACK_ID=de632e18b2e111e69cb5020af009bdc2; CNZZDATA1259010002=1747616501-1478332169-%7C1480566561; Hm_lvt_ed8ac418ac5e06a8c76d9a39d00132c8=1489722888,1490102111; 3973856a85e2de67a45ef4dc37fbebef_think_var=zh-cn',
)
[ info ] [ PARAM ] array (
)
[ info ] [ RUN ] Method [ <user> public method openOauth2 ] {
  @@ E:\workspace-php\l7cms\application\index\controller\Auth.php 94 - 119
}

[ info ] [ LANG ] E:\workspace-php\l7cms\thinkphp\lang\zh-cn.php
[ info ] [ LANG ] E:\workspace-php\l7cms\thinkphp\lang\zh-cn.php
[ info ] [ LOG ] INIT File: array (
  'path' => 'E:\\workspace-php\\l7cms\\runtime\\log\\',
  'level' => 
  array (
  ),
)
[ error ] [8]未定义索引: source_url[E:\workspace-php\l7cms\application\index\controller\Auth.php:97]

---------------------------------------------------------------
[ 2017-03-28T11:22:37+08:00 ] ::1 ::1 GET /l7cms/index.php/index/Auth/openOauth2?source_url=http://www.long7.com/index.php/News/Sneaker/1001.html
[ log ] localhost/l7cms/index.php/index/Auth/openOauth2?source_url=http://www.long7.com/index.php/News/Sneaker/1001.html [运行时间：0.247221s][吞吐率：4.04req/s] [内存消耗：2,753.81kb] [文件加载：47]
[ info ] [ CACHE ] INIT File:array (
  'type' => 'File',
  'path' => 'E:\\workspace-php\\l7cms\\runtime\\cache\\',
  'prefix' => '',
  'expire' => 0,
)
[ info ] [ ROUTE ] array (
  'type' => 'module',
  'module' => 
  array (
    0 => 'index',
    1 => 'Auth',
    2 => 'openOauth2',
  ),
)
[ info ] [ HEADER ] array (
  'host' => 'localhost',
  'connection' => 'keep-alive',
  'upgrade-insecure-requests' => '1',
  'user-agent' => 'Mozilla/5.0 (Windows NT 10.0; WOW64) AppleWebKit/537.36 (KHTML, like Gecko) Chrome/51.0.2704.63 Safari/537.36',
  'accept' => 'text/html,application/xhtml+xml,application/xml;q=0.9,image/webp,*/*;q=0.8',
  'accept-encoding' => 'gzip, deflate, sdch',
  'accept-language' => 'zh-CN,zh;q=0.8',
  'cookie' => 'AJSTAT_ok_times=1; a4883_times=1; bdshare_firstime=1465982800918; pgv_pvi=6812175360; Hm_lvt_7b43330a4da4a6f4353e553988ee8a62=1476788401; CNZZDATA1000200717=565765623-1467944709-%7C1479695857; MEIQIA_EXTRA_TRACK_ID=de632e18b2e111e69cb5020af009bdc2; CNZZDATA1259010002=1747616501-1478332169-%7C1480566561; Hm_lvt_ed8ac418ac5e06a8c76d9a39d00132c8=1489722888,1490102111; 3973856a85e2de67a45ef4dc37fbebef_think_var=zh-cn',
)
[ info ] [ PARAM ] array (
  'source_url' => 'http://www.long7.com/index.php/News/Sneaker/1001.html',
)
[ info ] [ RUN ] Method [ <user> public method openOauth2 ] {
  @@ E:\workspace-php\l7cms\application\index\controller\Auth.php 94 - 119
}

[ info ] [ SESSION ] INIT array (
  'id' => '',
  'var_session_id' => '',
  'prefix' => '9eb7bb9cdb123ee8e9df8cdae0d4484f_',
  'type' => '',
  'auto_start' => true,
)
[ info ] [ DB ] INIT mysql:array (
  'type' => 'mysql',
  'dsn' => '',
  'hostname' => '101.200.161.146',
  'database' => 'ebcms',
  'username' => 'root',
  'password' => 'ycdy5211987',
  'hostport' => '3306',
  'params' => 
  array (
  ),
  'charset' => 'utf8',
  'prefix' => 'ebcms5_',
  'debug' => true,
  'deploy' => 0,
  'rw_separate' => false,
  'master_num' => 1,
  'slave_no' => '',
  'fields_strict' => true,
  'auto_timestamp' => true,
  'resultset_type' => 'array',
  'sql_explain' => false,
)
[ info ] [ BEHAVIOR ] Run app\index\behavior\Tongji @app_end [ RunTime:0.207583s ]
[ info ] [ LOG ] INIT File: array (
  'path' => 'E:\\workspace-php\\l7cms\\runtime\\log\\',
  'level' => 
  array (
  ),
)
[ sql ] [ DB ] CONNECT:[ UseTime:0.040711s ] mysql:dbname=ebcms;host=101.200.161.146;port=3306;charset=utf8
[ sql ] [ SQL ] INSERT INTO `ebcms5_tongji` (`user_id` , `title` , `url` , `ip` , `create_time`) VALUES ('0' , '首页' , 'http://localhost/l7cms/index.php/index/Auth/openOauth2?source_url=http://www.long7.com/index.php/News/Sneaker/1001.html' , '0.0.0.0' , '1490671356')       [ RunTime:0.052292s ]

---------------------------------------------------------------
